"D:/UE4/UnrealProject/SpaceHolder/SpaceHolder/Content/Textures/T_Ship_Hull_AORM.uasset" 0
"D:/UE4/UnrealProject/SpaceHolder/SpaceHolder/Content/Textures/T_Ship_Hull_AORM.uexp" 1
"D:/UE4/UnrealProject/SpaceHolder/SpaceHolder/Content/Textures/T_Ship_Hull_AORM.ubulk" 2
"D:/UE4/UnrealProject/SpaceHolder/SpaceHolder/Content/Textures/T_Ship_Hull_BC.uasset" 3
"D:/UE4/UnrealProject/SpaceHolder/SpaceHolder/Content/Textures/T_Ship_Hull_BC.uexp" 4
"D:/UE4/UnrealProject/SpaceHolder/SpaceHolder/Content/Textures/T_Ship_Hull_BC.ubulk" 5
"D:/UE4/UnrealProject/SpaceHolder/SpaceHolder/Content/Textures/T_Ship_Hull_E.uasset" 6
"D:/UE4/UnrealProject/SpaceHolder/SpaceHolder/Content/Textures/T_Ship_Hull_E.uexp" 7
"D:/UE4/UnrealProject/SpaceHolder/SpaceHolder/Content/Textures/T_Ship_Hull_E.ubulk" 8
"D:/UE4/UnrealProject/SpaceHolder/SpaceHolder/Content/Textures/T_Ship_Hull_N.uasset" 9
"D:/UE4/UnrealProject/SpaceHolder/SpaceHolder/Content/Textures/T_Ship_Hull_N.uexp" 10
"D:/UE4/UnrealProject/SpaceHolder/SpaceHolder/Content/Textures/T_Ship_Hull_N.ubulk" 11
"D:/UE4/UnrealProject/SpaceHolder/SpaceHolder/Content/Materials/M_Emissive.uasset" 12
"D:/UE4/UnrealProject/SpaceHolder/SpaceHolder/Content/Materials/M_Emissive.uexp" 13
"D:/UE4/UnrealProject/SpaceHolder/SpaceHolder/Content/Materials/MI_Test_Paint.uasset" 14
"D:/UE4/UnrealProject/SpaceHolder/SpaceHolder/Content/Materials/MI_Test_Paint.uexp" 15
"D:/UE4/UnrealProject/SpaceHolder/SpaceHolder/Content/Meshes/Ship/SK_Ship_Skeleton.uasset" 16
"D:/UE4/UnrealProject/SpaceHolder/SpaceHolder/Content/Meshes/Ship/SK_Ship_Skeleton.uexp" 17
"../../../Engine/Content/Animation/DefaultAnimCurveCompressionSettings.uasset" 18
"../../../Engine/Content/Animation/DefaultAnimCurveCompressionSettings.uexp" 19
"../../../Engine/Content/Animation/DefaultAnimBoneCompressionSettings.uasset" 20
"../../../Engine/Content/Animation/DefaultAnimBoneCompressionSettings.uexp" 21
"D:/UE4/UnrealProject/SpaceHolder/SpaceHolder/Content/Meshes/Ship/SK_Ship_Anim.uasset" 22
"D:/UE4/UnrealProject/SpaceHolder/SpaceHolder/Content/Meshes/Ship/SK_Ship_Anim.uexp" 23
"D:/UE4/UnrealProject/SpaceHolder/SpaceHolder/Content/Meshes/Ship/BS_ChangeMode.uasset" 24
"D:/UE4/UnrealProject/SpaceHolder/SpaceHolder/Content/Meshes/Ship/BS_ChangeMode.uexp" 25
"D:/UE4/UnrealProject/SpaceHolder/SpaceHolder/Content/Textures/T_NightskyColor.uasset" 26
"D:/UE4/UnrealProject/SpaceHolder/SpaceHolder/Content/Textures/T_NightskyColor.uexp" 27
"D:/UE4/UnrealProject/SpaceHolder/SpaceHolder/Content/Textures/T_NightskyColor.ubulk" 28
"D:/UE4/UnrealProject/SpaceHolder/SpaceHolder/Content/Textures/T_Ship_Hull_M.uasset" 29
"D:/UE4/UnrealProject/SpaceHolder/SpaceHolder/Content/Textures/T_Ship_Hull_M.uexp" 30
"D:/UE4/UnrealProject/SpaceHolder/SpaceHolder/Content/Textures/T_Ship_Hull_M.ubulk" 31
"D:/UE4/UnrealProject/SpaceHolder/SpaceHolder/Content/Textures/T_HoneycombMask.uasset" 32
"D:/UE4/UnrealProject/SpaceHolder/SpaceHolder/Content/Textures/T_HoneycombMask.uexp" 33
"D:/UE4/UnrealProject/SpaceHolder/SpaceHolder/Content/Textures/UI/UI_ButtonRestartGreyButton.uasset" 34
"D:/UE4/UnrealProject/SpaceHolder/SpaceHolder/Content/Textures/UI/UI_ButtonRestartGreyButton.uexp" 35
"D:/UE4/UnrealProject/SpaceHolder/SpaceHolder/Content/Textures/UI/UI_ButtonRestartGreyButton.ubulk" 36
"D:/UE4/UnrealProject/SpaceHolder/SpaceHolder/Content/Textures/UI/UI_ButtonRestartRedButton.uasset" 37
"D:/UE4/UnrealProject/SpaceHolder/SpaceHolder/Content/Textures/UI/UI_ButtonRestartRedButton.uexp" 38
"D:/UE4/UnrealProject/SpaceHolder/SpaceHolder/Content/Textures/UI/UI_ButtonRestartRedButton.ubulk" 39
"D:/UE4/UnrealProject/SpaceHolder/SpaceHolder/Content/Textures/VANIMATIONS/vertex_animation_textures1_rot.uasset" 40
"D:/UE4/UnrealProject/SpaceHolder/SpaceHolder/Content/Textures/VANIMATIONS/vertex_animation_textures1_rot.uexp" 41
"D:/UE4/UnrealProject/SpaceHolder/SpaceHolder/Content/Textures/VANIMATIONS/vertex_animation_textures1_pos.uasset" 42
"D:/UE4/UnrealProject/SpaceHolder/SpaceHolder/Content/Textures/VANIMATIONS/vertex_animation_textures1_pos.uexp" 43
"D:/UE4/UnrealProject/SpaceHolder/SpaceHolder/Content/UI/Typo/Greyscale_Basic_Bold.uasset" 44
"D:/UE4/UnrealProject/SpaceHolder/SpaceHolder/Content/UI/Typo/Greyscale_Basic_Bold.uexp" 45
"D:/UE4/UnrealProject/SpaceHolder/SpaceHolder/Content/UI/Typo/Greyscale_Basic_Bold.ufont" 46
"D:/UE4/UnrealProject/SpaceHolder/SpaceHolder/Content/UI/Typo/Greyscale_Basic_Bold_Font.uasset" 47
"D:/UE4/UnrealProject/SpaceHolder/SpaceHolder/Content/UI/Typo/Greyscale_Basic_Bold_Font.uexp" 48
"D:/UE4/UnrealProject/SpaceHolder/SpaceHolder/Content/UI/Typo/Greyscale_Basic_Bold_Italic.uasset" 49
"D:/UE4/UnrealProject/SpaceHolder/SpaceHolder/Content/UI/Typo/Greyscale_Basic_Bold_Italic.uexp" 50
"D:/UE4/UnrealProject/SpaceHolder/SpaceHolder/Content/UI/Typo/Greyscale_Basic_Bold_Italic.ufont" 51
"D:/UE4/UnrealProject/SpaceHolder/SpaceHolder/Content/UI/Typo/Greyscale_Basic_Bold_Italic_Font.uasset" 52
"D:/UE4/UnrealProject/SpaceHolder/SpaceHolder/Content/UI/Typo/Greyscale_Basic_Bold_Italic_Font.uexp" 53
"D:/UE4/UnrealProject/SpaceHolder/SpaceHolder/Content/UI/Typo/Greyscale_Basic_Regular_Italic.uasset" 54
"D:/UE4/UnrealProject/SpaceHolder/SpaceHolder/Content/UI/Typo/Greyscale_Basic_Regular_Italic.uexp" 55
"D:/UE4/UnrealProject/SpaceHolder/SpaceHolder/Content/UI/Typo/Greyscale_Basic_Regular_Italic.ufont" 56
"D:/UE4/UnrealProject/SpaceHolder/SpaceHolder/Content/UI/Typo/Greyscale_Basic_Regular_Italic_Font.uasset" 57
"D:/UE4/UnrealProject/SpaceHolder/SpaceHolder/Content/UI/Typo/Greyscale_Basic_Regular_Italic_Font.uexp" 58
"D:/UE4/UnrealProject/SpaceHolder/SpaceHolder/Content/Sounds/Effects/S_SpaceshipLaser_01.uasset" 59
"D:/UE4/UnrealProject/SpaceHolder/SpaceHolder/Content/Sounds/Effects/S_SpaceshipLaser_01.uexp" 60
"D:/UE4/UnrealProject/SpaceHolder/SpaceHolder/Content/Sounds/Effects/S_SpaceshipLaser_02.uasset" 61
"D:/UE4/UnrealProject/SpaceHolder/SpaceHolder/Content/Sounds/Effects/S_SpaceshipLaser_02.uexp" 62
"D:/UE4/UnrealProject/SpaceHolder/SpaceHolder/Content/Sounds/Effects/S_SpaceshipShild_01.uasset" 63
"D:/UE4/UnrealProject/SpaceHolder/SpaceHolder/Content/Sounds/Effects/S_SpaceshipShild_01.uexp" 64
"../../../Engine/Content/EngineMaterials/T_Default_Material_Grid_N.uasset" 65
"../../../Engine/Content/EngineMaterials/T_Default_Material_Grid_N.uexp" 66
"../../../Engine/Content/EngineMaterials/T_Default_Material_Grid_N.ubulk" 67
"../../../Engine/Content/EngineMaterials/T_Default_Material_Grid_M.uasset" 68
"../../../Engine/Content/EngineMaterials/T_Default_Material_Grid_M.uexp" 69
"../../../Engine/Content/EngineMaterials/T_Default_Material_Grid_M.ubulk" 70
"../../../Engine/Content/Functions/Engine_MaterialFunctions01/Opacity/CameraDepthFade.uasset" 71
"../../../Engine/Content/Functions/Engine_MaterialFunctions01/Opacity/CameraDepthFade.uexp" 72
"../../../Engine/Content/EngineMaterials/WorldGridMaterial.uasset" 73
"../../../Engine/Content/EngineMaterials/WorldGridMaterial.uexp" 74
"../../../Engine/Content/ArtTools/RenderToTexture/Meshes/S_1_Unit_Plane.uasset" 75
"../../../Engine/Content/ArtTools/RenderToTexture/Meshes/S_1_Unit_Plane.uexp" 76
"../../../Engine/Content/EngineMaterials/DefaultMaterial.uasset" 77
"../../../Engine/Content/EngineMaterials/DefaultMaterial.uexp" 78
"../../../Engine/Content/BasicShapes/Cone.uasset" 79
"../../../Engine/Content/BasicShapes/Cone.uexp" 80
"../../../Engine/Content/EditorLandscapeResources/DataLayer.uasset" 81
"../../../Engine/Content/EditorLandscapeResources/DataLayer.uexp" 82
"../../../Engine/Content/EditorLandscapeResources/DefaultAlphaTexture.uasset" 83
"../../../Engine/Content/EditorLandscapeResources/DefaultAlphaTexture.uexp" 84
"../../../Engine/Content/EditorMaterials/MAT_Groups_Toggle.uasset" 85
"../../../Engine/Content/EditorMaterials/MAT_Groups_Toggle.uexp" 86
"../../../Engine/Content/EditorMaterials/MAT_Groups_Visibility.uasset" 87
"../../../Engine/Content/EditorMaterials/MAT_Groups_Visibility.uexp" 88
"../../../Engine/Content/EditorMaterials/PreviewShadowIndicator.uasset" 89
"../../../Engine/Content/EditorMaterials/PreviewShadowIndicator.uexp" 90
"../../../Engine/Content/EditorMaterials/PreviewShadowIndicator.ubulk" 91
"../../../Engine/Content/EditorMaterials/PreviewShadowIndicatorMaterial.uasset" 92
"../../../Engine/Content/EditorMaterials/PreviewShadowIndicatorMaterial.uexp" 93
"../../../Engine/Content/EditorMaterials/MatineeGroups/MAT_ColorTrack.uasset" 94
"../../../Engine/Content/EditorMaterials/MatineeGroups/MAT_ColorTrack.uexp" 95
"../../../Engine/Content/EditorMaterials/MatineeGroups/MAT_Groups_Anim.uasset" 96
"../../../Engine/Content/EditorMaterials/MatineeGroups/MAT_Groups_Anim.uexp" 97
"../../../Engine/Content/EditorMaterials/MatineeGroups/MAT_Groups_AudioMaster.uasset" 98
"../../../Engine/Content/EditorMaterials/MatineeGroups/MAT_Groups_AudioMaster.uexp" 99
"../../../Engine/Content/EditorMaterials/MatineeGroups/MAT_Groups_Director.uasset" 100
"../../../Engine/Content/EditorMaterials/MatineeGroups/MAT_Groups_Director.uexp" 101
"../../../Engine/Content/EditorMaterials/MatineeGroups/MAT_Groups_Event.uasset" 102
"../../../Engine/Content/EditorMaterials/MatineeGroups/MAT_Groups_Event.uexp" 103
"../../../Engine/Content/EditorMaterials/MatineeGroups/MAT_Groups_Fade.uasset" 104
"../../../Engine/Content/EditorMaterials/MatineeGroups/MAT_Groups_Fade.uexp" 105
"../../../Engine/Content/EditorMaterials/MatineeGroups/MAT_Groups_Float.uasset" 106
"../../../Engine/Content/EditorMaterials/MatineeGroups/MAT_Groups_Float.uexp" 107
"../../../Engine/Content/EditorMaterials/MatineeGroups/MAT_Groups_Move.uasset" 108
"../../../Engine/Content/EditorMaterials/MatineeGroups/MAT_Groups_Move.uexp" 109
"../../../Engine/Content/EditorMaterials/MatineeGroups/MAT_Groups_Slomo.uasset" 110
"../../../Engine/Content/EditorMaterials/MatineeGroups/MAT_Groups_Slomo.uexp" 111
"../../../Engine/Content/EditorMaterials/MatineeGroups/MAT_Groups_Sound.uasset" 112
"../../../Engine/Content/EditorMaterials/MatineeGroups/MAT_Groups_Sound.uexp" 113
"../../../Engine/Content/EditorMaterials/MatineeGroups/MAT_Groups_Vector.uasset" 114
"../../../Engine/Content/EditorMaterials/MatineeGroups/MAT_Groups_Vector.uexp" 115
"../../../Engine/Content/EditorMaterials/ParticleSystems/PSysThumbnail_NoImage.uasset" 116
"../../../Engine/Content/EditorMaterials/ParticleSystems/PSysThumbnail_NoImage.uexp" 117
"../../../Engine/Content/EditorMaterials/ParticleSystems/PSysThumbnail_NoImage.ubulk" 118
"../../../Engine/Content/EditorMaterials/ParticleSystems/PSysThumbnail_OOD.uasset" 119
"../../../Engine/Content/EditorMaterials/ParticleSystems/PSysThumbnail_OOD.uexp" 120
"../../../Engine/Content/EditorMaterials/ParticleSystems/PSysThumbnail_OOD.ubulk" 121
"../../../Engine/Content/EditorMaterials/Camera/CineMat.uasset" 122
"../../../Engine/Content/EditorMaterials/Camera/CineMat.uexp" 123
"../../../Engine/Content/EditorMaterials/Camera/MI_CineMat_Rig.uasset" 124
"../../../Engine/Content/EditorMaterials/Camera/MI_CineMat_Rig.uexp" 125
"../../../Engine/Content/EditorMeshes/Camera/SM_CraneRig_Arm.uasset" 126
"../../../Engine/Content/EditorMeshes/Camera/SM_CraneRig_Arm.uexp" 127
"../../../Engine/Content/EditorMeshes/Camera/SM_CraneRig_Base.uasset" 128
"../../../Engine/Content/EditorMeshes/Camera/SM_CraneRig_Base.uexp" 129
"../../../Engine/Content/EditorMeshes/Camera/SM_CraneRig_Body.uasset" 130
"../../../Engine/Content/EditorMeshes/Camera/SM_CraneRig_Body.uexp" 131
"../../../Engine/Content/EditorMeshes/Camera/SM_CraneRig_Mount.uasset" 132
"../../../Engine/Content/EditorMeshes/Camera/SM_CraneRig_Mount.uexp" 133
"../../../Engine/Content/EditorMeshes/Camera/SM_RailRig_Mount.uasset" 134
"../../../Engine/Content/EditorMeshes/Camera/SM_RailRig_Mount.uexp" 135
"../../../Engine/Content/EditorMeshes/Camera/SM_RailRig_Track.uasset" 136
"../../../Engine/Content/EditorMeshes/Camera/SM_RailRig_Track.uexp" 137
"../../../Engine/Content/EditorResources/BSPVertex.uasset" 138
"../../../Engine/Content/EditorResources/BSPVertex.uexp" 139
"../../../Engine/Content/EditorResources/EmptyActor.uasset" 140
"../../../Engine/Content/EditorResources/EmptyActor.uexp" 141
"../../../Engine/Content/EditorResources/S_Actor.uasset" 142
"../../../Engine/Content/EditorResources/S_Actor.uexp" 143
"../../../Engine/Content/EditorResources/S_Actor.ubulk" 144
"../../../Engine/Content/EditorResources/S_Note.uasset" 145
"../../../Engine/Content/EditorResources/S_Note.uexp" 146
"../../../Engine/Content/EditorResources/S_Note.ubulk" 147
"../../../Engine/Content/EditorResources/S_Solver.uasset" 148
"../../../Engine/Content/EditorResources/S_Solver.uexp" 149
"../../../Engine/Content/EditorResources/S_Solver.ubulk" 150
"../../../Engine/Content/EditorResources/S_Terrain.uasset" 151
"../../../Engine/Content/EditorResources/S_Terrain.uexp" 152
"../../../Engine/Content/EditorResources/S_Terrain.ubulk" 153
"../../../Engine/Content/EditorResources/S_Trigger.uasset" 154
"../../../Engine/Content/EditorResources/S_Trigger.uexp" 155
"../../../Engine/Content/EditorResources/S_Trigger.ubulk" 156
"../../../Engine/Content/EditorResources/LightIcons/S_LightError.uasset" 157
"../../../Engine/Content/EditorResources/LightIcons/S_LightError.uexp" 158
"../../../Engine/Content/EditorResources/SequenceRecorder/Countdown.uasset" 159
"../../../Engine/Content/EditorResources/SequenceRecorder/Countdown.uexp" 160
"../../../Engine/Content/EditorResources/SequenceRecorder/RecordingIndicator.uasset" 161
"../../../Engine/Content/EditorResources/SequenceRecorder/RecordingIndicator.uexp" 162
"../../../Engine/Content/EngineDamageTypes/DmgTypeBP_Environmental.uasset" 163
"../../../Engine/Content/EngineDamageTypes/DmgTypeBP_Environmental.uexp" 164
"../../../Engine/Content/EngineDebugMaterials/DebugEditorMaterial.uasset" 165
"../../../Engine/Content/EngineDebugMaterials/DebugEditorMaterial.uexp" 166
"../../../Engine/Content/EngineDebugMaterials/DebugMeshMaterial.uasset" 167
"../../../Engine/Content/EngineDebugMaterials/DebugMeshMaterial.uexp" 168
"../../../Engine/Content/EngineDebugMaterials/M_SimpleUnlitTranslucent.uasset" 169
"../../../Engine/Content/EngineDebugMaterials/M_SimpleUnlitTranslucent.uexp" 170
"../../../Engine/Content/EngineDebugMaterials/VolumeToRender.uasset" 171
"../../../Engine/Content/EngineDebugMaterials/VolumeToRender.uexp" 172
"../../../Engine/Content/Functions/Engine_MaterialFunctions02/Utility/CameraDirectionVector.uasset" 173
"../../../Engine/Content/Functions/Engine_MaterialFunctions02/Utility/CameraDirectionVector.uexp" 174
"../../../Engine/Content/EngineDebugMaterials/M_VolumeRenderSphereTracePP.uasset" 175
"../../../Engine/Content/EngineDebugMaterials/M_VolumeRenderSphereTracePP.uexp" 176
"../../../Engine/Content/Functions/Engine_MaterialFunctions01/Shading/ConvertFromDiffSpec.uasset" 177
"../../../Engine/Content/Functions/Engine_MaterialFunctions01/Shading/ConvertFromDiffSpec.uexp" 178
"../../../Engine/Content/EngineDebugMaterials/VertexColorMaterial.uasset" 179
"../../../Engine/Content/EngineDebugMaterials/VertexColorMaterial.uexp" 180
"../../../Engine/Content/EngineDebugMaterials/WireframeMaterial.uasset" 181
"../../../Engine/Content/EngineDebugMaterials/WireframeMaterial.uexp" 182
"../../../Engine/Content/EngineFonts/Faces/RobotoRegular.uasset" 183
"../../../Engine/Content/EngineFonts/Faces/RobotoRegular.uexp" 184
"../../../Engine/Content/EngineFonts/Faces/RobotoRegular.ufont" 185
"../../../Engine/Content/EngineFonts/Faces/RobotoLight.uasset" 186
"../../../Engine/Content/EngineFonts/Faces/RobotoLight.uexp" 187
"../../../Engine/Content/EngineFonts/Faces/RobotoLight.ufont" 188
"../../../Engine/Content/EngineFonts/Faces/RobotoItalic.uasset" 189
"../../../Engine/Content/EngineFonts/Faces/RobotoItalic.uexp" 190
"../../../Engine/Content/EngineFonts/Faces/RobotoItalic.ufont" 191
"../../../Engine/Content/EngineFonts/Faces/RobotoBoldItalic.uasset" 192
"../../../Engine/Content/EngineFonts/Faces/RobotoBoldItalic.uexp" 193
"../../../Engine/Content/EngineFonts/Faces/RobotoBoldItalic.ufont" 194
"../../../Engine/Content/EngineFonts/Faces/RobotoBold.uasset" 195
"../../../Engine/Content/EngineFonts/Faces/RobotoBold.uexp" 196
"../../../Engine/Content/EngineFonts/Faces/RobotoBold.ufont" 197
"../../../Engine/Content/EngineFonts/Faces/DroidSansFallback.uasset" 198
"../../../Engine/Content/EngineFonts/Faces/DroidSansFallback.uexp" 199
"../../../Engine/Content/EngineFonts/Faces/DroidSansFallback.ufont" 200
"../../../Engine/Content/EngineFonts/Roboto.uasset" 201
"../../../Engine/Content/EngineFonts/Roboto.uexp" 202
"../../../Engine/Content/EngineMaterials/BaseFlattenNormalMap.uasset" 203
"../../../Engine/Content/EngineMaterials/BaseFlattenNormalMap.uexp" 204
"../../../Engine/Content/EngineMaterials/BaseFlattenGrayscaleMap.uasset" 205
"../../../Engine/Content/EngineMaterials/BaseFlattenGrayscaleMap.uexp" 206
"../../../Engine/Content/EngineMaterials/BaseFlattenEmissiveMap.uasset" 207
"../../../Engine/Content/EngineMaterials/BaseFlattenEmissiveMap.uexp" 208
"../../../Engine/Content/EngineMaterials/BaseFlattenDiffuseMap.uasset" 209
"../../../Engine/Content/EngineMaterials/BaseFlattenDiffuseMap.uexp" 210
"../../../Engine/Content/EngineMaterials/BaseFlattenMaterial.uasset" 211
"../../../Engine/Content/EngineMaterials/BaseFlattenMaterial.uexp" 212
"../../../Engine/Content/EngineMaterials/BlueNoise.uasset" 213
"../../../Engine/Content/EngineMaterials/BlueNoise.uexp" 214
"../../../Engine/Content/EngineMaterials/DefaultBloomKernel.uasset" 215
"../../../Engine/Content/EngineMaterials/DefaultBloomKernel.uexp" 216
"../../../Engine/Content/EngineMaterials/DefaultBokeh.uasset" 217
"../../../Engine/Content/EngineMaterials/DefaultBokeh.uexp" 218
"../../../Engine/Content/EngineMaterials/DefaultDiffuse.uasset" 219
"../../../Engine/Content/EngineMaterials/DefaultDiffuse.uexp" 220
"../../../Engine/Content/EngineMaterials/DefaultDiffuse.ubulk" 221
"../../../Engine/Content/EngineMaterials/DefaultDeferredDecalMaterial.uasset" 222
"../../../Engine/Content/EngineMaterials/DefaultDeferredDecalMaterial.uexp" 223
"../../../Engine/Content/EngineMaterials/DefaultLightFunctionMaterial.uasset" 224
"../../../Engine/Content/EngineMaterials/DefaultLightFunctionMaterial.uexp" 225
"../../../Engine/Content/EngineMaterials/DefaultPhysicalMaterial.uasset" 226
"../../../Engine/Content/EngineMaterials/DefaultPhysicalMaterial.uexp" 227
"../../../Engine/Content/Functions/Engine_MaterialFunctions02/Utility/BreakOutFloat2Components.uasset" 228
"../../../Engine/Content/Functions/Engine_MaterialFunctions02/Utility/BreakOutFloat2Components.uexp" 229
"../../../Engine/Content/EngineMaterials/DefaultPostProcessMaterial.uasset" 230
"../../../Engine/Content/EngineMaterials/DefaultPostProcessMaterial.uexp" 231
"../../../Engine/Content/EngineFonts/RobotoDistanceField.uasset" 232
"../../../Engine/Content/EngineFonts/RobotoDistanceField.uexp" 233
"../../../Engine/Content/EngineMaterials/DefaultTextMaterialOpaque.uasset" 234
"../../../Engine/Content/EngineMaterials/DefaultTextMaterialOpaque.uexp" 235
"../../../Engine/Content/EngineMaterials/DefaultWhiteGrid.uasset" 236
"../../../Engine/Content/EngineMaterials/DefaultWhiteGrid.uexp" 237
"../../../Engine/Content/EngineMaterials/DefaultWhiteGrid.ubulk" 238
"../../../Engine/Content/EngineMaterials/DefaultWhiteGrid_Low.uasset" 239
"../../../Engine/Content/EngineMaterials/DefaultWhiteGrid_Low.uexp" 240
"../../../Engine/Content/EngineMaterials/EmissiveMeshMaterial.uasset" 241
"../../../Engine/Content/EngineMaterials/EmissiveMeshMaterial.uexp" 242
"../../../Engine/Content/EngineMaterials/GizmoMaterial.uasset" 243
"../../../Engine/Content/EngineMaterials/GizmoMaterial.uexp" 244
"../../../Engine/Content/EngineMaterials/Good64x64TilingNoiseHighFreq.uasset" 245
"../../../Engine/Content/EngineMaterials/Good64x64TilingNoiseHighFreq.uexp" 246
"../../../Engine/Content/EngineMaterials/MiniFont.uasset" 247
"../../../Engine/Content/EngineMaterials/MiniFont.uexp" 248
"../../../Engine/Content/EngineMaterials/InvalidLightmapSettings.uasset" 249
"../../../Engine/Content/EngineMaterials/InvalidLightmapSettings.uexp" 250
"../../../Engine/Content/EngineMaterials/InvalidLightmapSettings.ubulk" 251
"../../../Engine/Content/EngineMaterials/M_InvalidLightmapSettings.uasset" 252
"../../../Engine/Content/EngineMaterials/M_InvalidLightmapSettings.uexp" 253
"../../../Engine/Content/Functions/Engine_MaterialFunctions02/WorldPositionOffset/CameraOffset.uasset" 254
"../../../Engine/Content/Functions/Engine_MaterialFunctions02/WorldPositionOffset/CameraOffset.uexp" 255
"../../../Engine/Content/EngineMaterials/PhAT_JointLimitMaterial.uasset" 256
"../../../Engine/Content/EngineMaterials/PhAT_JointLimitMaterial.uexp" 257
"../../../Engine/Content/EngineMaterials/DefaultCalibrationColor.uasset" 258
"../../../Engine/Content/EngineMaterials/DefaultCalibrationColor.uexp" 259
"../../../Engine/Content/EngineMaterials/PPM_DefaultCalibrationColor.uasset" 260
"../../../Engine/Content/EngineMaterials/PPM_DefaultCalibrationColor.uexp" 261
"../../../Engine/Content/EngineMaterials/DefaultCalibrationGrayscale.uasset" 262
"../../../Engine/Content/EngineMaterials/DefaultCalibrationGrayscale.uexp" 263
"../../../Engine/Content/EngineMaterials/PPM_DefaultCalibrationGrayscale.uasset" 264
"../../../Engine/Content/EngineMaterials/PPM_DefaultCalibrationGrayscale.uexp" 265
"../../../Engine/Content/EngineMaterials/PreintegratedSkinBRDF.uasset" 266
"../../../Engine/Content/EngineMaterials/PreintegratedSkinBRDF.uexp" 267
"../../../Engine/Content/EngineMaterials/RemoveSurfaceMaterial.uasset" 268
"../../../Engine/Content/EngineMaterials/RemoveSurfaceMaterial.uexp" 269
"../../../Engine/Content/EngineMaterials/WeightMapPlaceholderTexture.uasset" 270
"../../../Engine/Content/EngineMaterials/WeightMapPlaceholderTexture.uexp" 271
"../../../Engine/Content/EngineResources/WhiteSquareTexture.uasset" 272
"../../../Engine/Content/EngineResources/WhiteSquareTexture.uexp" 273
"../../../Engine/Content/EngineMaterials/Widget3DPassThrough.uasset" 274
"../../../Engine/Content/EngineMaterials/Widget3DPassThrough.uexp" 275
"../../../Engine/Content/EngineMaterials/Widget3DPassThrough_Masked.uasset" 276
"../../../Engine/Content/EngineMaterials/Widget3DPassThrough_Masked.uexp" 277
"../../../Engine/Content/EngineMaterials/Widget3DPassThrough_Opaque.uasset" 278
"../../../Engine/Content/EngineMaterials/Widget3DPassThrough_Opaque.uexp" 279
"../../../Engine/Content/EngineMaterials/Widget3DPassThrough_Masked_OneSided.uasset" 280
"../../../Engine/Content/EngineMaterials/Widget3DPassThrough_Masked_OneSided.uexp" 281
"../../../Engine/Content/EngineMaterials/Widget3DPassThrough_Opaque_OneSided.uasset" 282
"../../../Engine/Content/EngineMaterials/Widget3DPassThrough_Opaque_OneSided.uexp" 283
"../../../Engine/Content/EngineMaterials/Widget3DPassThrough_Translucent.uasset" 284
"../../../Engine/Content/EngineMaterials/Widget3DPassThrough_Translucent.uexp" 285
"../../../Engine/Content/EngineMaterials/Widget3DPassThrough_Translucent_OneSided.uasset" 286
"../../../Engine/Content/EngineMaterials/Widget3DPassThrough_Translucent_OneSided.uexp" 287
"../../../Engine/Content/EngineMeshes/Cube.uasset" 288
"../../../Engine/Content/EngineMeshes/Cube.uexp" 289
"../../../Engine/Content/EngineMeshes/Cylinder.uasset" 290
"../../../Engine/Content/EngineMeshes/Cylinder.uexp" 291
"../../../Engine/Content/EngineMeshes/Sphere.uasset" 292
"../../../Engine/Content/EngineMeshes/Sphere.uexp" 293
"../../../Engine/Content/EngineResources/DefaultTexture.uasset" 294
"../../../Engine/Content/EngineResources/DefaultTexture.uexp" 295
"../../../Engine/Content/EngineResources/DefaultTexture.ubulk" 296
"../../../Engine/Content/EngineResources/DefaultTextureCube.uasset" 297
"../../../Engine/Content/EngineResources/DefaultTextureCube.uexp" 298
"../../../Engine/Content/EngineResources/DefaultVolumeTexture2D.uasset" 299
"../../../Engine/Content/EngineResources/DefaultVolumeTexture2D.uexp" 300
"../../../Engine/Content/EngineResources/DefaultVolumeTexture.uasset" 301
"../../../Engine/Content/EngineResources/DefaultVolumeTexture.uexp" 302
"../../../Engine/Content/EngineResources/GradientTexture0.uasset" 303
"../../../Engine/Content/EngineResources/GradientTexture0.uexp" 304
"../../../Engine/Content/EngineSky/VolumetricClouds/T_NoiseShape64.uasset" 305
"../../../Engine/Content/EngineSky/VolumetricClouds/T_NoiseShape64.uexp" 306
"../../../Engine/Content/EngineSky/VolumetricClouds/T_NoiseShape64.ubulk" 307
"../../../Engine/Content/EngineSky/VolumetricClouds/T_VolumeNoiseShape64.uasset" 308
"../../../Engine/Content/EngineSky/VolumetricClouds/T_VolumeNoiseShape64.uexp" 309
"../../../Engine/Content/EngineSky/VolumetricClouds/T_NoiseErosion.uasset" 310
"../../../Engine/Content/EngineSky/VolumetricClouds/T_NoiseErosion.uexp" 311
"../../../Engine/Content/EngineSky/VolumetricClouds/T_NoiseErosion.ubulk" 312
"../../../Engine/Content/EngineSky/VolumetricClouds/T_VolumeNoiseErosion32.uasset" 313
"../../../Engine/Content/EngineSky/VolumetricClouds/T_VolumeNoiseErosion32.uexp" 314
"../../../Engine/Content/EngineSky/VolumetricClouds/CloudWeatherTexture.uasset" 315
"../../../Engine/Content/EngineSky/VolumetricClouds/CloudWeatherTexture.uexp" 316
"../../../Engine/Content/EngineSky/VolumetricClouds/CloudGradientTexture.uasset" 317
"../../../Engine/Content/EngineSky/VolumetricClouds/CloudGradientTexture.uexp" 318
"../../../Engine/Content/Functions/Engine_MaterialFunctions02/Utility/MakeFloat2.uasset" 319
"../../../Engine/Content/Functions/Engine_MaterialFunctions02/Utility/MakeFloat2.uexp" 320
"../../../Engine/Content/EngineSky/VolumetricClouds/m_SimpleVolumetricCloud.uasset" 321
"../../../Engine/Content/EngineSky/VolumetricClouds/m_SimpleVolumetricCloud.uexp" 322
"../../../Engine/Content/EngineSky/VolumetricClouds/m_SimpleVolumetricCloud_Inst.uasset" 323
"../../../Engine/Content/EngineSky/VolumetricClouds/m_SimpleVolumetricCloud_Inst.uexp" 324
"../../../Engine/Content/EngineSounds/Master.uasset" 325
"../../../Engine/Content/EngineSounds/Master.uexp" 326
"../../../Engine/Content/Functions/Engine_MaterialFunctions01/Shading/PowerToRoughness.uasset" 327
"../../../Engine/Content/Functions/Engine_MaterialFunctions01/Shading/PowerToRoughness.uexp" 328
"../../../Engine/Content/Maps/Templates/Thumbnails/Default.uasset" 329
"../../../Engine/Content/Maps/Templates/Thumbnails/Default.uexp" 330
"../../../Engine/Content/Maps/Templates/Thumbnails/TimeOfDay.uasset" 331
"../../../Engine/Content/Maps/Templates/Thumbnails/TimeOfDay.uexp" 332
"../../../Engine/Content/Maps/Templates/Thumbnails/VR-Basic.uasset" 333
"../../../Engine/Content/Maps/Templates/Thumbnails/VR-Basic.uexp" 334
"../../../Engine/Content/MobileResources/T_MobileControls_texture.uasset" 335
"../../../Engine/Content/MobileResources/T_MobileControls_texture.uexp" 336
"../../../Engine/Content/MobileResources/T_MobileMenu2.uasset" 337
"../../../Engine/Content/MobileResources/T_MobileMenu2.uexp" 338
"../../../Engine/Content/MobileResources/HUD/AnalogHat.uasset" 339
"../../../Engine/Content/MobileResources/HUD/AnalogHat.uexp" 340
"../../../Engine/Content/MobileResources/HUD/VirtualJoystick_Thumb.uasset" 341
"../../../Engine/Content/MobileResources/HUD/VirtualJoystick_Thumb.uexp" 342
"../../../Engine/Content/MobileResources/HUD/VirtualJoystick_Background.uasset" 343
"../../../Engine/Content/MobileResources/HUD/VirtualJoystick_Background.uexp" 344
"../../../Engine/Content/MobileResources/HUD/DefaultVirtualJoysticks.uasset" 345
"../../../Engine/Content/MobileResources/HUD/DefaultVirtualJoysticks.uexp" 346
"../../../Engine/Content/MobileResources/HUD/LeftVirtualJoystickOnly.uasset" 347
"../../../Engine/Content/MobileResources/HUD/LeftVirtualJoystickOnly.uexp" 348
"../../../Engine/Content/MobileResources/HUD/MobileHUDButton1_off.uasset" 349
"../../../Engine/Content/MobileResources/HUD/MobileHUDButton1_off.uexp" 350
"../../../Engine/Content/MobileResources/HUD/MobileHUDButton1_on.uasset" 351
"../../../Engine/Content/MobileResources/HUD/MobileHUDButton1_on.uexp" 352
"../../../Engine/Content/MobileResources/HUD/MobileHUDButton2_off.uasset" 353
"../../../Engine/Content/MobileResources/HUD/MobileHUDButton2_off.uexp" 354
"../../../Engine/Content/MobileResources/HUD/MobileHUDButton2_on.uasset" 355
"../../../Engine/Content/MobileResources/HUD/MobileHUDButton2_on.uexp" 356
"../../../Engine/Content/MobileResources/HUD/MobileHUDButton3.uasset" 357
"../../../Engine/Content/MobileResources/HUD/MobileHUDButton3.uexp" 358
"../../../Engine/Content/MobileResources/HUD/MobileHUDButtonFire.uasset" 359
"../../../Engine/Content/MobileResources/HUD/MobileHUDButtonFire.uexp" 360
"../../../Engine/Content/MobileResources/HUD/MobileHUDDirectionPad.uasset" 361
"../../../Engine/Content/MobileResources/HUD/MobileHUDDirectionPad.uexp" 362
"../../../Engine/Content/MobileResources/HUD/MobileHUDDirectionPad2.uasset" 363
"../../../Engine/Content/MobileResources/HUD/MobileHUDDirectionPad2.uexp" 364
"../../../Engine/Content/MobileResources/HUD/MobileHUDDirectionPad3.uasset" 365
"../../../Engine/Content/MobileResources/HUD/MobileHUDDirectionPad3.uexp" 366
"../../../Engine/Content/MobileResources/HUD/MobileHUDDirectionStick.uasset" 367
"../../../Engine/Content/MobileResources/HUD/MobileHUDDirectionStick.uexp" 368
"../../../Engine/Content/MobileResources/HUD/T_Castle_ThumbstickInner.uasset" 369
"../../../Engine/Content/MobileResources/HUD/T_Castle_ThumbstickInner.uexp" 370
"../../../Engine/Content/MobileResources/HUD/T_Castle_ThumbstickOutter.uasset" 371
"../../../Engine/Content/MobileResources/HUD/T_Castle_ThumbstickOutter.uexp" 372
"../../../Engine/Content/Tutorial/ContentIntroCurve.uasset" 373
"../../../Engine/Content/Tutorial/ContentIntroCurve.uexp" 374
"../../../Engine/Content/Tutorial/Basics/TutorialAssets/icon_tab_Levels_40x.uasset" 375
"../../../Engine/Content/Tutorial/Basics/TutorialAssets/icon_tab_Levels_40x.uexp" 376
"../../../Engine/Content/Tutorial/Landscape/TutorialAssets/Landscape.uasset" 377
"../../../Engine/Content/Tutorial/Landscape/TutorialAssets/Landscape.uexp" 378
"../../../Engine/Content/EditorBlueprintResources/StandardMacros.uasset" 379
"../../../Engine/Content/EditorBlueprintResources/StandardMacros.uexp" 380
"../../../Engine/Content/VREditor/TransformGizmo/TranslucentTransformGizmoMaterial.uasset" 381
"../../../Engine/Content/VREditor/TransformGizmo/TranslucentTransformGizmoMaterial.uexp" 382
"../../../Engine/Content/VREditor/LaserPointer/VR_LaserPower_01.uasset" 383
"../../../Engine/Content/VREditor/LaserPointer/VR_LaserPower_01.uexp" 384
"../../../Engine/Content/VREditor/LaserPointer/VR_LaserPower_01.ubulk" 385
"../../../Engine/Content/VREditor/TransformGizmo/TransformGizmoMaterial.uasset" 386
"../../../Engine/Content/VREditor/TransformGizmo/TransformGizmoMaterial.uexp" 387
"../../../Engine/Content/VREditor/TransformGizmo/BoundingBoxCorner.uasset" 388
"../../../Engine/Content/VREditor/TransformGizmo/BoundingBoxCorner.uexp" 389
"../../../Engine/Content/VREditor/TransformGizmo/BoundingBoxEdge.uasset" 390
"../../../Engine/Content/VREditor/TransformGizmo/BoundingBoxEdge.uexp" 391
"../../../Engine/Content/VREditor/TransformGizmo/PlaneTranslationHandle.uasset" 392
"../../../Engine/Content/VREditor/TransformGizmo/PlaneTranslationHandle.uexp" 393
"../../../Engine/Content/VREditor/TransformGizmo/Xray.uasset" 394
"../../../Engine/Content/VREditor/TransformGizmo/Xray.uexp" 395
"../../../Engine/Content/VREditor/TransformGizmo/Main.uasset" 396
"../../../Engine/Content/VREditor/TransformGizmo/Main.uexp" 397
"../../../Engine/Content/VREditor/TransformGizmo/SM_Sequencer_Key.uasset" 398
"../../../Engine/Content/VREditor/TransformGizmo/SM_Sequencer_Key.uexp" 399
"../../../Engine/Content/VREditor/TransformGizmo/SM_Sequencer_Node.uasset" 400
"../../../Engine/Content/VREditor/TransformGizmo/SM_Sequencer_Node.uexp" 401
"../../../Engine/Plugins/2D/Paper2D/Content/PlaceholderTextures/DummySpriteTexture.uasset" 402
"../../../Engine/Plugins/2D/Paper2D/Content/PlaceholderTextures/DummySpriteTexture.uexp" 403
"../../../Engine/Plugins/2D/Paper2D/Content/PlaceholderTextures/DummySpriteTexture.ubulk" 404
"../../../Engine/Plugins/2D/Paper2D/Content/DummySprite.uasset" 405
"../../../Engine/Plugins/2D/Paper2D/Content/DummySprite.uexp" 406
"../../../Engine/Plugins/2D/Paper2D/Content/DefaultPaperTerrainMaterial.uasset" 407
"../../../Engine/Plugins/2D/Paper2D/Content/DefaultPaperTerrainMaterial.uexp" 408
"../../../Engine/Plugins/2D/Paper2D/Content/DefaultSpriteMaterial.uasset" 409
"../../../Engine/Plugins/2D/Paper2D/Content/DefaultSpriteMaterial.uexp" 410
"../../../Engine/Plugins/2D/Paper2D/Content/MaskedUnlitSpriteMaterial.uasset" 411
"../../../Engine/Plugins/2D/Paper2D/Content/MaskedUnlitSpriteMaterial.uexp" 412
"../../../Engine/Plugins/2D/Paper2D/Content/OpaqueUnlitSpriteMaterial.uasset" 413
"../../../Engine/Plugins/2D/Paper2D/Content/OpaqueUnlitSpriteMaterial.uexp" 414
"../../../Engine/Content/Functions/Engine_MaterialFunctions02/Utility/BreakOutFloat3Components.uasset" 415
"../../../Engine/Content/Functions/Engine_MaterialFunctions02/Utility/BreakOutFloat3Components.uexp" 416
"../../../Engine/Plugins/Editor/SpeedTreeImporter/Content/SpeedTree9/UnpackInteger3.uasset" 417
"../../../Engine/Plugins/Editor/SpeedTreeImporter/Content/SpeedTree9/UnpackInteger3.uexp" 418
"../../../Engine/Plugins/Editor/SpeedTreeImporter/Content/SpeedTree9/UnpackDirection.uasset" 419
"../../../Engine/Plugins/Editor/SpeedTreeImporter/Content/SpeedTree9/UnpackDirection.uexp" 420
"../../../Engine/Plugins/Editor/SpeedTreeImporter/Content/SpeedTree9/game_wind_noise.uasset" 421
"../../../Engine/Plugins/Editor/SpeedTreeImporter/Content/SpeedTree9/game_wind_noise.uexp" 422
"../../../Engine/Plugins/Editor/SpeedTreeImporter/Content/SpeedTree9/game_wind_noise.ubulk" 423
"../../../Engine/Content/Functions/Engine_MaterialFunctions02/SafeNormalize.uasset" 424
"../../../Engine/Content/Functions/Engine_MaterialFunctions02/SafeNormalize.uexp" 425
"../../../Engine/Plugins/Editor/SpeedTreeImporter/Content/SpeedTree9/SpeedTreeWindMotion.uasset" 426
"../../../Engine/Plugins/Editor/SpeedTreeImporter/Content/SpeedTree9/SpeedTreeWindMotion.uexp" 427
"../../../Engine/Plugins/Editor/SpeedTreeImporter/Content/SpeedTree9/SpeedTreeBranchMotion.uasset" 428
"../../../Engine/Plugins/Editor/SpeedTreeImporter/Content/SpeedTree9/SpeedTreeBranchMotion.uexp" 429
"../../../Engine/Content/Functions/Engine_MaterialFunctions02/ObjectLocalBounds.uasset" 430
"../../../Engine/Content/Functions/Engine_MaterialFunctions02/ObjectLocalBounds.uexp" 431
"../../../Engine/Content/Functions/Engine_MaterialFunctions02/UVs/BoundingBoxBased_0-1_UVW.uasset" 432
"../../../Engine/Content/Functions/Engine_MaterialFunctions02/UVs/BoundingBoxBased_0-1_UVW.uexp" 433
"../../../Engine/Content/Functions/Engine_MaterialFunctions02/Utility/VectorLength.uasset" 434
"../../../Engine/Content/Functions/Engine_MaterialFunctions02/Utility/VectorLength.uexp" 435
"../../../Engine/Content/Functions/Engine_MaterialFunctions02/WorldPositionOffset/ObjectScale.uasset" 436
"../../../Engine/Content/Functions/Engine_MaterialFunctions02/WorldPositionOffset/ObjectScale.uexp" 437
"../../../Engine/Plugins/Editor/SpeedTreeImporter/Content/SpeedTree9/SpeedTreeWind.uasset" 438
"../../../Engine/Plugins/Editor/SpeedTreeImporter/Content/SpeedTree9/SpeedTreeWind.uexp" 439
"../../../Engine/Plugins/Editor/SpeedTreeImporter/Content/SpeedTree9/SpeedTreeBillboard.uasset" 440
"../../../Engine/Plugins/Editor/SpeedTreeImporter/Content/SpeedTree9/SpeedTreeBillboard.uexp" 441
"../../../Engine/Plugins/Editor/SpeedTreeImporter/Content/SpeedTree9/EmptyNormal.uasset" 442
"../../../Engine/Plugins/Editor/SpeedTreeImporter/Content/SpeedTree9/EmptyNormal.uexp" 443
"../../../Engine/Plugins/Editor/SpeedTreeImporter/Content/SpeedTree9/Empty.uasset" 444
"../../../Engine/Plugins/Editor/SpeedTreeImporter/Content/SpeedTree9/Empty.uexp" 445
"../../../Engine/Plugins/Editor/SpeedTreeImporter/Content/SpeedTree9/SpeedTreeBillboardMaster.uasset" 446
"../../../Engine/Plugins/Editor/SpeedTreeImporter/Content/SpeedTree9/SpeedTreeBillboardMaster.uexp" 447
"../../../Engine/Plugins/Editor/SpeedTreeImporter/Content/SpeedTree9/SpeedTreeCameraFacing.uasset" 448
"../../../Engine/Plugins/Editor/SpeedTreeImporter/Content/SpeedTree9/SpeedTreeCameraFacing.uexp" 449
"../../../Engine/Plugins/Editor/SpeedTreeImporter/Content/SpeedTree9/SpeedTreeMaster.uasset" 450
"../../../Engine/Plugins/Editor/SpeedTreeImporter/Content/SpeedTree9/SpeedTreeMaster.uexp" 451
"../../../Engine/Content/BasicShapes/Cylinder.uasset" 452
"../../../Engine/Content/BasicShapes/Cylinder.uexp" 453
"../../../Engine/Content/ArtTools/RenderToTexture/Materials/Debug/M_Emissive_Color.uasset" 454
"../../../Engine/Content/ArtTools/RenderToTexture/Materials/Debug/M_Emissive_Color.uexp" 455
"../../../Engine/Plugins/Lumin/MagicLeapPassableWorld/Content/MagicLeapARPinInfoActor.uasset" 456
"../../../Engine/Plugins/Lumin/MagicLeapPassableWorld/Content/MagicLeapARPinInfoActor.uexp" 457
"../../../Engine/Plugins/Runtime/OpenXR/Content/Devices/GoogleDaydream/MRTexture.uasset" 458
"../../../Engine/Plugins/Runtime/OpenXR/Content/Devices/GoogleDaydream/MRTexture.uexp" 459
"../../../Engine/Plugins/Runtime/OpenXR/Content/Devices/GoogleDaydream/MRTexture.ubulk" 460
"../../../Engine/Plugins/Runtime/OpenXR/Content/Devices/GoogleDaydream/BaseTexture.uasset" 461
"../../../Engine/Plugins/Runtime/OpenXR/Content/Devices/GoogleDaydream/BaseTexture.uexp" 462
"../../../Engine/Plugins/Runtime/OpenXR/Content/Devices/GoogleDaydream/BaseTexture.ubulk" 463
"../../../Engine/Content/EngineResources/Black.uasset" 464
"../../../Engine/Content/EngineResources/Black.uexp" 465
"../../../Engine/Plugins/Runtime/OpenXR/Content/Devices/M_XRController.uasset" 466
"../../../Engine/Plugins/Runtime/OpenXR/Content/Devices/M_XRController.uexp" 467
"../../../Engine/Plugins/Runtime/OpenXR/Content/Devices/GoogleDaydream/MI_GoogleDaydream.uasset" 468
"../../../Engine/Plugins/Runtime/OpenXR/Content/Devices/GoogleDaydream/MI_GoogleDaydream.uexp" 469
"../../../Engine/Plugins/Runtime/OpenXR/Content/Devices/GoogleDaydream/GoogleDaydreamController.uasset" 470
"../../../Engine/Plugins/Runtime/OpenXR/Content/Devices/GoogleDaydream/GoogleDaydreamController.uexp" 471
"../../../Engine/Plugins/Runtime/OpenXR/Content/Devices/HTCVive/BaseTexture.uasset" 472
"../../../Engine/Plugins/Runtime/OpenXR/Content/Devices/HTCVive/BaseTexture.uexp" 473
"../../../Engine/Plugins/Runtime/OpenXR/Content/Devices/HTCVive/BaseTexture.ubulk" 474
"../../../Engine/Plugins/Runtime/OpenXR/Content/Devices/HTCVive/MI_HTCVive.uasset" 475
"../../../Engine/Plugins/Runtime/OpenXR/Content/Devices/HTCVive/MI_HTCVive.uexp" 476
"../../../Engine/Plugins/Runtime/OpenXR/Content/Devices/HTCVive/HTCViveController.uasset" 477
"../../../Engine/Plugins/Runtime/OpenXR/Content/Devices/HTCVive/HTCViveController.uexp" 478
"../../../Engine/Plugins/Runtime/OpenXR/Content/Devices/MicrosoftMixedReality/NormalTexture.uasset" 479
"../../../Engine/Plugins/Runtime/OpenXR/Content/Devices/MicrosoftMixedReality/NormalTexture.uexp" 480
"../../../Engine/Plugins/Runtime/OpenXR/Content/Devices/MicrosoftMixedReality/NormalTexture.ubulk" 481
"../../../Engine/Plugins/Runtime/OpenXR/Content/Devices/MicrosoftMixedReality/MRTexture.uasset" 482
"../../../Engine/Plugins/Runtime/OpenXR/Content/Devices/MicrosoftMixedReality/MRTexture.uexp" 483
"../../../Engine/Plugins/Runtime/OpenXR/Content/Devices/MicrosoftMixedReality/MRTexture.ubulk" 484
"../../../Engine/Plugins/Runtime/OpenXR/Content/Devices/MicrosoftMixedReality/EmissiveTexture.uasset" 485
"../../../Engine/Plugins/Runtime/OpenXR/Content/Devices/MicrosoftMixedReality/EmissiveTexture.uexp" 486
"../../../Engine/Plugins/Runtime/OpenXR/Content/Devices/MicrosoftMixedReality/EmissiveTexture.ubulk" 487
"../../../Engine/Plugins/Runtime/OpenXR/Content/Devices/MicrosoftMixedReality/BaseTexture.uasset" 488
"../../../Engine/Plugins/Runtime/OpenXR/Content/Devices/MicrosoftMixedReality/BaseTexture.uexp" 489
"../../../Engine/Plugins/Runtime/OpenXR/Content/Devices/MicrosoftMixedReality/BaseTexture.ubulk" 490
"../../../Engine/Plugins/Runtime/OpenXR/Content/Devices/MicrosoftMixedReality/MI_MicrosoftMixedReality.uasset" 491
"../../../Engine/Plugins/Runtime/OpenXR/Content/Devices/MicrosoftMixedReality/MI_MicrosoftMixedReality.uexp" 492
"../../../Engine/Plugins/Runtime/OpenXR/Content/Devices/MicrosoftMixedReality/Left/left_MicrosoftMixedRealityController.uasset" 493
"../../../Engine/Plugins/Runtime/OpenXR/Content/Devices/MicrosoftMixedReality/Left/left_MicrosoftMixedRealityController.uexp" 494
"../../../Engine/Plugins/Runtime/OpenXR/Content/Devices/MicrosoftMixedReality/Right/right_MicrosoftMixedRealityController.uasset" 495
"../../../Engine/Plugins/Runtime/OpenXR/Content/Devices/MicrosoftMixedReality/Right/right_MicrosoftMixedRealityController.uexp" 496
"../../../Engine/Plugins/Runtime/OpenXR/Content/Devices/OculusGo/BaseTexture.uasset" 497
"../../../Engine/Plugins/Runtime/OpenXR/Content/Devices/OculusGo/BaseTexture.uexp" 498
"../../../Engine/Plugins/Runtime/OpenXR/Content/Devices/OculusGo/BaseTexture.ubulk" 499
"../../../Engine/Plugins/Runtime/OpenXR/Content/Devices/OculusGo/MI_OculusGo.uasset" 500
"../../../Engine/Plugins/Runtime/OpenXR/Content/Devices/OculusGo/MI_OculusGo.uexp" 501
"../../../Engine/Plugins/Runtime/OpenXR/Content/Devices/OculusGo/OculusGoController.uasset" 502
"../../../Engine/Plugins/Runtime/OpenXR/Content/Devices/OculusGo/OculusGoController.uexp" 503
"../../../Engine/Plugins/Runtime/OpenXR/Content/Devices/OculusTouch/MRTexture.uasset" 504
"../../../Engine/Plugins/Runtime/OpenXR/Content/Devices/OculusTouch/MRTexture.uexp" 505
"../../../Engine/Plugins/Runtime/OpenXR/Content/Devices/OculusTouch/MRTexture.ubulk" 506
"../../../Engine/Plugins/Runtime/OpenXR/Content/Devices/OculusTouch/BaseTexture.uasset" 507
"../../../Engine/Plugins/Runtime/OpenXR/Content/Devices/OculusTouch/BaseTexture.uexp" 508
"../../../Engine/Plugins/Runtime/OpenXR/Content/Devices/OculusTouch/BaseTexture.ubulk" 509
"../../../Engine/Plugins/Runtime/OpenXR/Content/Devices/OculusTouch/MI_OculusTouch.uasset" 510
"../../../Engine/Plugins/Runtime/OpenXR/Content/Devices/OculusTouch/MI_OculusTouch.uexp" 511
"../../../Engine/Plugins/Runtime/OpenXR/Content/Devices/OculusTouch/Left/left_OculusTouchController.uasset" 512
"../../../Engine/Plugins/Runtime/OpenXR/Content/Devices/OculusTouch/Left/left_OculusTouchController.uexp" 513
"../../../Engine/Plugins/Runtime/OpenXR/Content/Devices/OculusTouch/Right/right_OculusTouchController.uasset" 514
"../../../Engine/Plugins/Runtime/OpenXR/Content/Devices/OculusTouch/Right/right_OculusTouchController.uexp" 515
"../../../Engine/Plugins/Runtime/OpenXR/Content/Devices/OculusTouch_v2/MRTexture.uasset" 516
"../../../Engine/Plugins/Runtime/OpenXR/Content/Devices/OculusTouch_v2/MRTexture.uexp" 517
"../../../Engine/Plugins/Runtime/OpenXR/Content/Devices/OculusTouch_v2/MRTexture.ubulk" 518
"../../../Engine/Plugins/Runtime/OpenXR/Content/Devices/OculusTouch_v2/BaseTexture.uasset" 519
"../../../Engine/Plugins/Runtime/OpenXR/Content/Devices/OculusTouch_v2/BaseTexture.uexp" 520
"../../../Engine/Plugins/Runtime/OpenXR/Content/Devices/OculusTouch_v2/BaseTexture.ubulk" 521
"../../../Engine/Plugins/Runtime/OpenXR/Content/Devices/OculusTouch_v2/MI_OculusTouch_v2.uasset" 522
"../../../Engine/Plugins/Runtime/OpenXR/Content/Devices/OculusTouch_v2/MI_OculusTouch_v2.uexp" 523
"../../../Engine/Plugins/Runtime/OpenXR/Content/Devices/OculusTouch_v2/Left/left_OculusTouch_v2Controller.uasset" 524
"../../../Engine/Plugins/Runtime/OpenXR/Content/Devices/OculusTouch_v2/Left/left_OculusTouch_v2Controller.uexp" 525
"../../../Engine/Plugins/Runtime/OpenXR/Content/Devices/OculusTouch_v2/Right/right_OculusTouch_v2Controller.uasset" 526
"../../../Engine/Plugins/Runtime/OpenXR/Content/Devices/OculusTouch_v2/Right/right_OculusTouch_v2Controller.uexp" 527
"../../../Engine/Plugins/Runtime/OpenXR/Content/Devices/OculusTouch_v3/MRTexture.uasset" 528
"../../../Engine/Plugins/Runtime/OpenXR/Content/Devices/OculusTouch_v3/MRTexture.uexp" 529
"../../../Engine/Plugins/Runtime/OpenXR/Content/Devices/OculusTouch_v3/MRTexture.ubulk" 530
"../../../Engine/Plugins/Runtime/OpenXR/Content/Devices/OculusTouch_v3/BaseTexture.uasset" 531
"../../../Engine/Plugins/Runtime/OpenXR/Content/Devices/OculusTouch_v3/BaseTexture.uexp" 532
"../../../Engine/Plugins/Runtime/OpenXR/Content/Devices/OculusTouch_v3/BaseTexture.ubulk" 533
"../../../Engine/Plugins/Runtime/OpenXR/Content/Devices/OculusTouch_v3/MI_OculusTouch_v3.uasset" 534
"../../../Engine/Plugins/Runtime/OpenXR/Content/Devices/OculusTouch_v3/MI_OculusTouch_v3.uexp" 535
"../../../Engine/Plugins/Runtime/OpenXR/Content/Devices/OculusTouch_v3/Left/left_OculusTouch_v3Controller.uasset" 536
"../../../Engine/Plugins/Runtime/OpenXR/Content/Devices/OculusTouch_v3/Left/left_OculusTouch_v3Controller.uexp" 537
"../../../Engine/Plugins/Runtime/OpenXR/Content/Devices/OculusTouch_v3/Right/right_OculusTouch_v3Controller.uasset" 538
"../../../Engine/Plugins/Runtime/OpenXR/Content/Devices/OculusTouch_v3/Right/right_OculusTouch_v3Controller.uexp" 539
"../../../Engine/Plugins/Runtime/OpenXR/Content/Devices/ValveIndex/MRTexture.uasset" 540
"../../../Engine/Plugins/Runtime/OpenXR/Content/Devices/ValveIndex/MRTexture.uexp" 541
"../../../Engine/Plugins/Runtime/OpenXR/Content/Devices/ValveIndex/MRTexture.ubulk" 542
"../../../Engine/Plugins/Runtime/OpenXR/Content/Devices/ValveIndex/BaseTexture.uasset" 543
"../../../Engine/Plugins/Runtime/OpenXR/Content/Devices/ValveIndex/BaseTexture.uexp" 544
"../../../Engine/Plugins/Runtime/OpenXR/Content/Devices/ValveIndex/BaseTexture.ubulk" 545
"../../../Engine/Plugins/Runtime/OpenXR/Content/Devices/ValveIndex/Left/MI_left_ValveIndex.uasset" 546
"../../../Engine/Plugins/Runtime/OpenXR/Content/Devices/ValveIndex/Left/MI_left_ValveIndex.uexp" 547
"../../../Engine/Plugins/Runtime/OpenXR/Content/Devices/ValveIndex/Left/left_ValveIndexController.uasset" 548
"../../../Engine/Plugins/Runtime/OpenXR/Content/Devices/ValveIndex/Left/left_ValveIndexController.uexp" 549
"../../../Engine/Plugins/Runtime/OpenXR/Content/Devices/ValveIndex/Right/MI_right_ValveIndex.uasset" 550
"../../../Engine/Plugins/Runtime/OpenXR/Content/Devices/ValveIndex/Right/MI_right_ValveIndex.uexp" 551
"../../../Engine/Plugins/Runtime/OpenXR/Content/Devices/ValveIndex/Right/right_ValveIndexController.uasset" 552
"../../../Engine/Plugins/Runtime/OpenXR/Content/Devices/ValveIndex/Right/right_ValveIndexController.uexp" 553
"../../../Engine/Content/Functions/Engine_MaterialFunctions02/Utility/MakeFloat3.uasset" 554
"../../../Engine/Content/Functions/Engine_MaterialFunctions02/Utility/MakeFloat3.uexp" 555
"../../../Engine/Content/Functions/Engine_MaterialFunctions02/Utility/BreakOutFloat4Components.uasset" 556
"../../../Engine/Content/Functions/Engine_MaterialFunctions02/Utility/BreakOutFloat4Components.uexp" 557
"../../../Engine/Plugins/Runtime/Oculus/OculusVR/Content/Materials/OculusMR_ChromaKey.uasset" 558
"../../../Engine/Plugins/Runtime/Oculus/OculusVR/Content/Materials/OculusMR_ChromaKey.uexp" 559
"../../../Engine/Plugins/Runtime/Oculus/OculusVR/Content/Materials/OculusMR_OpaqueColoredMaterial.uasset" 560
"../../../Engine/Plugins/Runtime/Oculus/OculusVR/Content/Materials/OculusMR_OpaqueColoredMaterial.uexp" 561
"../../../Engine/Plugins/Runtime/Oculus/OculusVR/Content/Materials/PokeAHoleMaterial.uasset" 562
"../../../Engine/Plugins/Runtime/Oculus/OculusVR/Content/Materials/PokeAHoleMaterial.uexp" 563
"../../../Engine/Plugins/Runtime/Oculus/OculusVR/Content/Textures/touchController_controlmap.uasset" 564
"../../../Engine/Plugins/Runtime/Oculus/OculusVR/Content/Textures/touchController_controlmap.uexp" 565
"../../../Engine/Plugins/Runtime/Oculus/OculusVR/Content/Textures/touchController_controlmap.ubulk" 566
"../../../Engine/Plugins/Runtime/Oculus/OculusVR/Content/Textures/touchController_albedo.uasset" 567
"../../../Engine/Plugins/Runtime/Oculus/OculusVR/Content/Textures/touchController_albedo.uexp" 568
"../../../Engine/Plugins/Runtime/Oculus/OculusVR/Content/Textures/touchController_albedo.ubulk" 569
"../../../Engine/Plugins/Runtime/Oculus/OculusVR/Content/Materials/touchController_mat.uasset" 570
"../../../Engine/Plugins/Runtime/Oculus/OculusVR/Content/Materials/touchController_mat.uexp" 571
"../../../Engine/Plugins/Runtime/Oculus/OculusVR/Content/Meshes/LeftTouchController.uasset" 572
"../../../Engine/Plugins/Runtime/Oculus/OculusVR/Content/Meshes/LeftTouchController.uexp" 573
"../../../Engine/Plugins/Runtime/Oculus/OculusVR/Content/Textures/TouchForQuestRiftSController_albedo.uasset" 574
"../../../Engine/Plugins/Runtime/Oculus/OculusVR/Content/Textures/TouchForQuestRiftSController_albedo.uexp" 575
"../../../Engine/Plugins/Runtime/Oculus/OculusVR/Content/Textures/TouchForQuestRiftSController_albedo.ubulk" 576
"../../../Engine/Plugins/Runtime/Oculus/OculusVR/Content/Materials/TouchForQuestRiftSControllerMaterial.uasset" 577
"../../../Engine/Plugins/Runtime/Oculus/OculusVR/Content/Materials/TouchForQuestRiftSControllerMaterial.uexp" 578
"../../../Engine/Plugins/Runtime/Oculus/OculusVR/Content/Meshes/LeftTouchForQuestRiftSController.uasset" 579
"../../../Engine/Plugins/Runtime/Oculus/OculusVR/Content/Meshes/LeftTouchForQuestRiftSController.uexp" 580
"../../../Engine/Plugins/Runtime/Oculus/OculusVR/Content/Meshes/RiftHMD.uasset" 581
"../../../Engine/Plugins/Runtime/Oculus/OculusVR/Content/Meshes/RiftHMD.uexp" 582
"../../../Engine/Plugins/Runtime/Oculus/OculusVR/Content/Meshes/RightTouchController.uasset" 583
"../../../Engine/Plugins/Runtime/Oculus/OculusVR/Content/Meshes/RightTouchController.uexp" 584
"../../../Engine/Plugins/Runtime/Oculus/OculusVR/Content/Meshes/RightTouchForQuestRiftSController.uasset" 585
"../../../Engine/Plugins/Runtime/Oculus/OculusVR/Content/Meshes/RightTouchForQuestRiftSController.uexp" 586
"D:/UE4/UnrealProject/SpaceHolder/SpaceHolder/Content/Textures/UI/T_Credits.uasset" 587
"D:/UE4/UnrealProject/SpaceHolder/SpaceHolder/Content/Textures/UI/T_Credits.uexp" 588
"D:/UE4/UnrealProject/SpaceHolder/SpaceHolder/Content/UI/W_Credits.uasset" 589
"D:/UE4/UnrealProject/SpaceHolder/SpaceHolder/Content/UI/W_Credits.uexp" 590
"D:/UE4/UnrealProject/SpaceHolder/SpaceHolder/Content/Maps/maps03-Credits.uexp" 591
"D:/UE4/UnrealProject/SpaceHolder/SpaceHolder/Content/Maps/maps03-Credits.umap" 592
"D:/UE4/UnrealProject/SpaceHolder/SpaceHolder/Content/Textures/T_Outisde_Moon_AORM.uasset" 593
"D:/UE4/UnrealProject/SpaceHolder/SpaceHolder/Content/Textures/T_Outisde_Moon_AORM.uexp" 594
"D:/UE4/UnrealProject/SpaceHolder/SpaceHolder/Content/Textures/T_Outisde_Moon_AORM.ubulk" 595
"D:/UE4/UnrealProject/SpaceHolder/SpaceHolder/Content/Textures/T_Outisde_Moon_BC.uasset" 596
"D:/UE4/UnrealProject/SpaceHolder/SpaceHolder/Content/Textures/T_Outisde_Moon_BC.uexp" 597
"D:/UE4/UnrealProject/SpaceHolder/SpaceHolder/Content/Textures/T_Outisde_Moon_BC.ubulk" 598
"D:/UE4/UnrealProject/SpaceHolder/SpaceHolder/Content/Textures/T_Outisde_Moon_E.uasset" 599
"D:/UE4/UnrealProject/SpaceHolder/SpaceHolder/Content/Textures/T_Outisde_Moon_E.uexp" 600
"D:/UE4/UnrealProject/SpaceHolder/SpaceHolder/Content/Textures/T_Outisde_Moon_E.ubulk" 601
"D:/UE4/UnrealProject/SpaceHolder/SpaceHolder/Content/Textures/T_Outisde_Moon_N.uasset" 602
"D:/UE4/UnrealProject/SpaceHolder/SpaceHolder/Content/Textures/T_Outisde_Moon_N.uexp" 603
"D:/UE4/UnrealProject/SpaceHolder/SpaceHolder/Content/Textures/T_Outisde_Moon_N.ubulk" 604
"D:/UE4/UnrealProject/SpaceHolder/SpaceHolder/Content/Materials/M_DestroyedPlanet.uasset" 605
"D:/UE4/UnrealProject/SpaceHolder/SpaceHolder/Content/Materials/M_DestroyedPlanet.uexp" 606
"D:/UE4/UnrealProject/SpaceHolder/SpaceHolder/Content/Textures/T_Inside_Moon_AORM.uasset" 607
"D:/UE4/UnrealProject/SpaceHolder/SpaceHolder/Content/Textures/T_Inside_Moon_AORM.uexp" 608
"D:/UE4/UnrealProject/SpaceHolder/SpaceHolder/Content/Textures/T_Inside_Moon_AORM.ubulk" 609
"D:/UE4/UnrealProject/SpaceHolder/SpaceHolder/Content/Textures/T_Inside_Moon_BC.uasset" 610
"D:/UE4/UnrealProject/SpaceHolder/SpaceHolder/Content/Textures/T_Inside_Moon_BC.uexp" 611
"D:/UE4/UnrealProject/SpaceHolder/SpaceHolder/Content/Textures/T_Inside_Moon_BC.ubulk" 612
"D:/UE4/UnrealProject/SpaceHolder/SpaceHolder/Content/Textures/T_Inside_Moon_E.uasset" 613
"D:/UE4/UnrealProject/SpaceHolder/SpaceHolder/Content/Textures/T_Inside_Moon_E.uexp" 614
"D:/UE4/UnrealProject/SpaceHolder/SpaceHolder/Content/Textures/T_Inside_Moon_E.ubulk" 615
"D:/UE4/UnrealProject/SpaceHolder/SpaceHolder/Content/Textures/T_Inside_Moon_N.uasset" 616
"D:/UE4/UnrealProject/SpaceHolder/SpaceHolder/Content/Textures/T_Inside_Moon_N.uexp" 617
"D:/UE4/UnrealProject/SpaceHolder/SpaceHolder/Content/Textures/T_Inside_Moon_N.ubulk" 618
"D:/UE4/UnrealProject/SpaceHolder/SpaceHolder/Content/Materials/M_DestroyedPlanet_Inside.uasset" 619
"D:/UE4/UnrealProject/SpaceHolder/SpaceHolder/Content/Materials/M_DestroyedPlanet_Inside.uexp" 620
"D:/UE4/UnrealProject/SpaceHolder/SpaceHolder/Content/Materials/M_DestroyedPlanet_Outside.uasset" 621
"D:/UE4/UnrealProject/SpaceHolder/SpaceHolder/Content/Materials/M_DestroyedPlanet_Outside.uexp" 622
"D:/UE4/UnrealProject/SpaceHolder/SpaceHolder/Content/Meshes/SM_Moon.uasset" 623
"D:/UE4/UnrealProject/SpaceHolder/SpaceHolder/Content/Meshes/SM_Moon.uexp" 624
"D:/UE4/UnrealProject/SpaceHolder/SpaceHolder/Content/Textures/T_Asteroid_01_AORM.uasset" 625
"D:/UE4/UnrealProject/SpaceHolder/SpaceHolder/Content/Textures/T_Asteroid_01_AORM.uexp" 626
"D:/UE4/UnrealProject/SpaceHolder/SpaceHolder/Content/Textures/T_Asteroid_01_AORM.ubulk" 627
"D:/UE4/UnrealProject/SpaceHolder/SpaceHolder/Content/Textures/T_Asteroid_01_BC.uasset" 628
"D:/UE4/UnrealProject/SpaceHolder/SpaceHolder/Content/Textures/T_Asteroid_01_BC.uexp" 629
"D:/UE4/UnrealProject/SpaceHolder/SpaceHolder/Content/Textures/T_Asteroid_01_BC.ubulk" 630
"D:/UE4/UnrealProject/SpaceHolder/SpaceHolder/Content/Textures/T_Asteroid_01_N.uasset" 631
"D:/UE4/UnrealProject/SpaceHolder/SpaceHolder/Content/Textures/T_Asteroid_01_N.uexp" 632
"D:/UE4/UnrealProject/SpaceHolder/SpaceHolder/Content/Textures/T_Asteroid_01_N.ubulk" 633
"D:/UE4/UnrealProject/SpaceHolder/SpaceHolder/Content/Materials/M_Lit.uasset" 634
"D:/UE4/UnrealProject/SpaceHolder/SpaceHolder/Content/Materials/M_Lit.uexp" 635
"D:/UE4/UnrealProject/SpaceHolder/SpaceHolder/Content/Textures/T_Asteroid_03_AORM.uasset" 636
"D:/UE4/UnrealProject/SpaceHolder/SpaceHolder/Content/Textures/T_Asteroid_03_AORM.uexp" 637
"D:/UE4/UnrealProject/SpaceHolder/SpaceHolder/Content/Textures/T_Asteroid_03_AORM.ubulk" 638
"D:/UE4/UnrealProject/SpaceHolder/SpaceHolder/Content/Textures/T_Asteroid_03_BC.uasset" 639
"D:/UE4/UnrealProject/SpaceHolder/SpaceHolder/Content/Textures/T_Asteroid_03_BC.uexp" 640
"D:/UE4/UnrealProject/SpaceHolder/SpaceHolder/Content/Textures/T_Asteroid_03_BC.ubulk" 641
"D:/UE4/UnrealProject/SpaceHolder/SpaceHolder/Content/Textures/T_Asteroid_03_N.uasset" 642
"D:/UE4/UnrealProject/SpaceHolder/SpaceHolder/Content/Textures/T_Asteroid_03_N.uexp" 643
"D:/UE4/UnrealProject/SpaceHolder/SpaceHolder/Content/Textures/T_Asteroid_03_N.ubulk" 644
"D:/UE4/UnrealProject/SpaceHolder/SpaceHolder/Content/Materials/M_Asteroid_03.uasset" 645
"D:/UE4/UnrealProject/SpaceHolder/SpaceHolder/Content/Materials/M_Asteroid_03.uexp" 646
"D:/UE4/UnrealProject/SpaceHolder/SpaceHolder/Content/Meshes/SM_Asteroid_03.uasset" 647
"D:/UE4/UnrealProject/SpaceHolder/SpaceHolder/Content/Meshes/SM_Asteroid_03.uexp" 648
"D:/UE4/UnrealProject/SpaceHolder/SpaceHolder/Content/Textures/T_Asteroid_02_AORM.uasset" 649
"D:/UE4/UnrealProject/SpaceHolder/SpaceHolder/Content/Textures/T_Asteroid_02_AORM.uexp" 650
"D:/UE4/UnrealProject/SpaceHolder/SpaceHolder/Content/Textures/T_Asteroid_02_AORM.ubulk" 651
"D:/UE4/UnrealProject/SpaceHolder/SpaceHolder/Content/Textures/T_Asteroid_02_BC.uasset" 652
"D:/UE4/UnrealProject/SpaceHolder/SpaceHolder/Content/Textures/T_Asteroid_02_BC.uexp" 653
"D:/UE4/UnrealProject/SpaceHolder/SpaceHolder/Content/Textures/T_Asteroid_02_BC.ubulk" 654
"D:/UE4/UnrealProject/SpaceHolder/SpaceHolder/Content/Textures/T_Asteroid_02_N.uasset" 655
"D:/UE4/UnrealProject/SpaceHolder/SpaceHolder/Content/Textures/T_Asteroid_02_N.uexp" 656
"D:/UE4/UnrealProject/SpaceHolder/SpaceHolder/Content/Textures/T_Asteroid_02_N.ubulk" 657
"D:/UE4/UnrealProject/SpaceHolder/SpaceHolder/Content/Materials/M_Asteroid_02.uasset" 658
"D:/UE4/UnrealProject/SpaceHolder/SpaceHolder/Content/Materials/M_Asteroid_02.uexp" 659
"D:/UE4/UnrealProject/SpaceHolder/SpaceHolder/Content/Meshes/SM_Asteroid_02.uasset" 660
"D:/UE4/UnrealProject/SpaceHolder/SpaceHolder/Content/Meshes/SM_Asteroid_02.uexp" 661
"D:/UE4/UnrealProject/SpaceHolder/SpaceHolder/Content/Materials/M_Asteroid_01.uasset" 662
"D:/UE4/UnrealProject/SpaceHolder/SpaceHolder/Content/Materials/M_Asteroid_01.uexp" 663
"D:/UE4/UnrealProject/SpaceHolder/SpaceHolder/Content/Meshes/SM_Asteroid_01.uasset" 664
"D:/UE4/UnrealProject/SpaceHolder/SpaceHolder/Content/Meshes/SM_Asteroid_01.uexp" 665
"../../../Engine/Content/MapTemplates/SM_Template_Map_Floor.uasset" 666
"../../../Engine/Content/MapTemplates/SM_Template_Map_Floor.uexp" 667
"../../../Engine/Content/EngineSky/T_Sky_Stars.uasset" 668
"../../../Engine/Content/EngineSky/T_Sky_Stars.uexp" 669
"../../../Engine/Content/EngineSky/T_Sky_Stars.ubulk" 670
"../../../Engine/Content/EngineSky/T_Sky_Clouds_M.uasset" 671
"../../../Engine/Content/EngineSky/T_Sky_Clouds_M.uexp" 672
"../../../Engine/Content/EngineSky/T_Sky_Clouds_M.ubulk" 673
"../../../Engine/Content/EngineSky/T_Sky_Blue.uasset" 674
"../../../Engine/Content/EngineSky/T_Sky_Blue.uexp" 675
"../../../Engine/Content/EngineSky/T_Sky_Blue.ubulk" 676
"../../../Engine/Content/BasicShapes/Cube.uasset" 677
"../../../Engine/Content/BasicShapes/Cube.uexp" 678
"../../../Engine/Content/EngineSky/M_Sky_Panning_Clouds2.uasset" 679
"../../../Engine/Content/EngineSky/M_Sky_Panning_Clouds2.uexp" 680
"../../../Engine/Content/BasicShapes/BasicShapeMaterial.uasset" 681
"../../../Engine/Content/BasicShapes/BasicShapeMaterial.uexp" 682
"../../../Engine/Content/EngineSky/SM_SkySphere.uasset" 683
"../../../Engine/Content/EngineSky/SM_SkySphere.uexp" 684
"../../../Engine/Content/EngineSky/C_Sky_Zenith_Color.uasset" 685
"../../../Engine/Content/EngineSky/C_Sky_Zenith_Color.uexp" 686
"../../../Engine/Content/EngineSky/C_Sky_Horizon_Color.uasset" 687
"../../../Engine/Content/EngineSky/C_Sky_Horizon_Color.uexp" 688
"../../../Engine/Content/EngineSky/C_Sky_Cloud_Color.uasset" 689
"../../../Engine/Content/EngineSky/C_Sky_Cloud_Color.uexp" 690
"../../../Engine/Content/EngineSky/BP_Sky_Sphere.uasset" 691
"../../../Engine/Content/EngineSky/BP_Sky_Sphere.uexp" 692
"D:/UE4/UnrealProject/SpaceHolder/SpaceHolder/Content/Maps/Draft_BuiltData.uasset" 693
"D:/UE4/UnrealProject/SpaceHolder/SpaceHolder/Content/Maps/Draft_BuiltData.uexp" 694
"D:/UE4/UnrealProject/SpaceHolder/SpaceHolder/Content/Maps/Draft_BuiltData.ubulk" 695
"D:/UE4/UnrealProject/SpaceHolder/SpaceHolder/Content/Maps/Draft.uexp" 696
"D:/UE4/UnrealProject/SpaceHolder/SpaceHolder/Content/Maps/Draft.umap" 697
"D:/UE4/UnrealProject/SpaceHolder/SpaceHolder/Content/Sounds/Ambiance/S_MainMenu_01.uasset" 698
"D:/UE4/UnrealProject/SpaceHolder/SpaceHolder/Content/Sounds/Ambiance/S_MainMenu_01.uexp" 699
"D:/UE4/UnrealProject/SpaceHolder/SpaceHolder/Content/Sounds/Ambiance/SC_MainMenu_01.uasset" 700
"D:/UE4/UnrealProject/SpaceHolder/SpaceHolder/Content/Sounds/Ambiance/SC_MainMenu_01.uexp" 701
"../../../Engine/Content/BasicShapes/Plane.uasset" 702
"../../../Engine/Content/BasicShapes/Plane.uexp" 703
"D:/UE4/UnrealProject/SpaceHolder/SpaceHolder/Content/Textures/Backgrounds/T_SkyCloud.uasset" 704
"D:/UE4/UnrealProject/SpaceHolder/SpaceHolder/Content/Textures/Backgrounds/T_SkyCloud.uexp" 705
"D:/UE4/UnrealProject/SpaceHolder/SpaceHolder/Content/Materials/Background/M_StarBackground.uasset" 706
"D:/UE4/UnrealProject/SpaceHolder/SpaceHolder/Content/Materials/Background/M_StarBackground.uexp" 707
"D:/UE4/UnrealProject/SpaceHolder/SpaceHolder/Content/Materials/Background/MI_StarBackground.uasset" 708
"D:/UE4/UnrealProject/SpaceHolder/SpaceHolder/Content/Materials/Background/MI_StarBackground.uexp" 709
"D:/UE4/UnrealProject/SpaceHolder/SpaceHolder/Content/Textures/Backgrounds/T_Planet.uasset" 710
"D:/UE4/UnrealProject/SpaceHolder/SpaceHolder/Content/Textures/Backgrounds/T_Planet.uexp" 711
"D:/UE4/UnrealProject/SpaceHolder/SpaceHolder/Content/Materials/Background/M_Planet.uasset" 712
"D:/UE4/UnrealProject/SpaceHolder/SpaceHolder/Content/Materials/Background/M_Planet.uexp" 713
"D:/UE4/UnrealProject/SpaceHolder/SpaceHolder/Content/Textures/Backgrounds/T_GasCloud.uasset" 714
"D:/UE4/UnrealProject/SpaceHolder/SpaceHolder/Content/Textures/Backgrounds/T_GasCloud.uexp" 715
"D:/UE4/UnrealProject/SpaceHolder/SpaceHolder/Content/Materials/Background/M_GasSky.uasset" 716
"D:/UE4/UnrealProject/SpaceHolder/SpaceHolder/Content/Materials/Background/M_GasSky.uexp" 717
"D:/UE4/UnrealProject/SpaceHolder/SpaceHolder/Content/Textures/Backgrounds/T_CircleGasCloud.uasset" 718
"D:/UE4/UnrealProject/SpaceHolder/SpaceHolder/Content/Textures/Backgrounds/T_CircleGasCloud.uexp" 719
"D:/UE4/UnrealProject/SpaceHolder/SpaceHolder/Content/Materials/Background/M_CircleGas.uasset" 720
"D:/UE4/UnrealProject/SpaceHolder/SpaceHolder/Content/Materials/Background/M_CircleGas.uexp" 721
"D:/UE4/UnrealProject/SpaceHolder/SpaceHolder/Content/Maps/map02-Game_BuiltData.uasset" 722
"D:/UE4/UnrealProject/SpaceHolder/SpaceHolder/Content/Maps/map02-Game_BuiltData.uexp" 723
"D:/UE4/UnrealProject/SpaceHolder/SpaceHolder/Content/Maps/map02-Game_BuiltData.ubulk" 724
"D:/UE4/UnrealProject/SpaceHolder/SpaceHolder/Content/Textures/UI/UI_LifeIconGrey.uasset" 725
"D:/UE4/UnrealProject/SpaceHolder/SpaceHolder/Content/Textures/UI/UI_LifeIconGrey.uexp" 726
"D:/UE4/UnrealProject/SpaceHolder/SpaceHolder/Content/Textures/UI/UI_LifeIconGreen.uasset" 727
"D:/UE4/UnrealProject/SpaceHolder/SpaceHolder/Content/Textures/UI/UI_LifeIconGreen.uexp" 728
"D:/UE4/UnrealProject/SpaceHolder/SpaceHolder/Content/Materials/MI_Ship_Hull.uasset" 729
"D:/UE4/UnrealProject/SpaceHolder/SpaceHolder/Content/Materials/MI_Ship_Hull.uexp" 730
"D:/UE4/UnrealProject/SpaceHolder/SpaceHolder/Content/Textures/T_Ship_Paint_BC.uasset" 731
"D:/UE4/UnrealProject/SpaceHolder/SpaceHolder/Content/Textures/T_Ship_Paint_BC.uexp" 732
"D:/UE4/UnrealProject/SpaceHolder/SpaceHolder/Content/Textures/T_Ship_Paint_BC.ubulk" 733
"D:/UE4/UnrealProject/SpaceHolder/SpaceHolder/Content/Textures/T_Ship_Paint_E.uasset" 734
"D:/UE4/UnrealProject/SpaceHolder/SpaceHolder/Content/Textures/T_Ship_Paint_E.uexp" 735
"D:/UE4/UnrealProject/SpaceHolder/SpaceHolder/Content/Textures/T_Ship_Paint_E.ubulk" 736
"D:/UE4/UnrealProject/SpaceHolder/SpaceHolder/Content/Textures/T_Ship_Paint_N.uasset" 737
"D:/UE4/UnrealProject/SpaceHolder/SpaceHolder/Content/Textures/T_Ship_Paint_N.uexp" 738
"D:/UE4/UnrealProject/SpaceHolder/SpaceHolder/Content/Textures/T_Ship_Paint_N.ubulk" 739
"D:/UE4/UnrealProject/SpaceHolder/SpaceHolder/Content/Textures/T_Ship_Paint_AORM.uasset" 740
"D:/UE4/UnrealProject/SpaceHolder/SpaceHolder/Content/Textures/T_Ship_Paint_AORM.uexp" 741
"D:/UE4/UnrealProject/SpaceHolder/SpaceHolder/Content/Textures/T_Ship_Paint_AORM.ubulk" 742
"D:/UE4/UnrealProject/SpaceHolder/SpaceHolder/Content/Materials/M_Ship_Paint.uasset" 743
"D:/UE4/UnrealProject/SpaceHolder/SpaceHolder/Content/Materials/M_Ship_Paint.uexp" 744
"D:/UE4/UnrealProject/SpaceHolder/SpaceHolder/Content/Textures/T_ScanLineMask.uasset" 745
"D:/UE4/UnrealProject/SpaceHolder/SpaceHolder/Content/Textures/T_ScanLineMask.uexp" 746
"D:/UE4/UnrealProject/SpaceHolder/SpaceHolder/Content/Textures/T_ScanLineMask.ubulk" 747
"D:/UE4/UnrealProject/SpaceHolder/SpaceHolder/Content/Materials/M_Shield.uasset" 748
"D:/UE4/UnrealProject/SpaceHolder/SpaceHolder/Content/Materials/M_Shield.uexp" 749
"D:/UE4/UnrealProject/SpaceHolder/SpaceHolder/Content/Sounds/Effects/S_AsteroidDestruction_01.uasset" 750
"D:/UE4/UnrealProject/SpaceHolder/SpaceHolder/Content/Sounds/Effects/S_AsteroidDestruction_01.uexp" 751
"D:/UE4/UnrealProject/SpaceHolder/SpaceHolder/Content/Sounds/PowerUps/S_PowerUps_01.uasset" 752
"D:/UE4/UnrealProject/SpaceHolder/SpaceHolder/Content/Sounds/PowerUps/S_PowerUps_01.uexp" 753
"D:/UE4/UnrealProject/SpaceHolder/SpaceHolder/Content/Sounds/PowerUps/SC_PowerUp_01.uasset" 754
"D:/UE4/UnrealProject/SpaceHolder/SpaceHolder/Content/Sounds/PowerUps/SC_PowerUp_01.uexp" 755
"D:/UE4/UnrealProject/SpaceHolder/SpaceHolder/Content/Blueprint/Boosters/BP_Booster.uasset" 756
"D:/UE4/UnrealProject/SpaceHolder/SpaceHolder/Content/Blueprint/Boosters/BP_Booster.uexp" 757
"D:/UE4/UnrealProject/SpaceHolder/SpaceHolder/Content/UI/Booster/UI_TripleBuletsIcon.uasset" 758
"D:/UE4/UnrealProject/SpaceHolder/SpaceHolder/Content/UI/Booster/UI_TripleBuletsIcon.uexp" 759
"D:/UE4/UnrealProject/SpaceHolder/SpaceHolder/Content/Materials/Booster/M_TripleShot.uasset" 760
"D:/UE4/UnrealProject/SpaceHolder/SpaceHolder/Content/Materials/Booster/M_TripleShot.uexp" 761
"D:/UE4/UnrealProject/SpaceHolder/SpaceHolder/Content/Blueprint/Boosters/BP_TripleShot.uasset" 762
"D:/UE4/UnrealProject/SpaceHolder/SpaceHolder/Content/Blueprint/Boosters/BP_TripleShot.uexp" 763
"D:/UE4/UnrealProject/SpaceHolder/SpaceHolder/Content/UI/Booster/UI_ShieldIcon.uasset" 764
"D:/UE4/UnrealProject/SpaceHolder/SpaceHolder/Content/UI/Booster/UI_ShieldIcon.uexp" 765
"D:/UE4/UnrealProject/SpaceHolder/SpaceHolder/Content/Materials/Booster/M_Shield.uasset" 766
"D:/UE4/UnrealProject/SpaceHolder/SpaceHolder/Content/Materials/Booster/M_Shield.uexp" 767
"D:/UE4/UnrealProject/SpaceHolder/SpaceHolder/Content/Blueprint/Boosters/BP_Shield.uasset" 768
"D:/UE4/UnrealProject/SpaceHolder/SpaceHolder/Content/Blueprint/Boosters/BP_Shield.uexp" 769
"D:/UE4/UnrealProject/SpaceHolder/SpaceHolder/Content/UI/Booster/UI_BananaBuletIcon.uasset" 770
"D:/UE4/UnrealProject/SpaceHolder/SpaceHolder/Content/UI/Booster/UI_BananaBuletIcon.uexp" 771
"D:/UE4/UnrealProject/SpaceHolder/SpaceHolder/Content/Materials/Booster/M_Banana.uasset" 772
"D:/UE4/UnrealProject/SpaceHolder/SpaceHolder/Content/Materials/Booster/M_Banana.uexp" 773
"D:/UE4/UnrealProject/SpaceHolder/SpaceHolder/Content/Blueprint/Boosters/BP_BananaBoost.uasset" 774
"D:/UE4/UnrealProject/SpaceHolder/SpaceHolder/Content/Blueprint/Boosters/BP_BananaBoost.uexp" 775
"D:/UE4/UnrealProject/SpaceHolder/SpaceHolder/Content/Blueprint/Asteroid/BP_Asteroid.uasset" 776
"D:/UE4/UnrealProject/SpaceHolder/SpaceHolder/Content/Blueprint/Asteroid/BP_Asteroid.uexp" 777
"D:/UE4/UnrealProject/SpaceHolder/SpaceHolder/Content/Materials/Missiles/M_Missile.uasset" 778
"D:/UE4/UnrealProject/SpaceHolder/SpaceHolder/Content/Materials/Missiles/M_Missile.uexp" 779
"D:/UE4/UnrealProject/SpaceHolder/SpaceHolder/Content/Materials/Missiles/MI_Missile.uasset" 780
"D:/UE4/UnrealProject/SpaceHolder/SpaceHolder/Content/Materials/Missiles/MI_Missile.uexp" 781
"../../../Engine/Content/EngineDebugMaterials/VertexColorViewMode_GreenOnly.uasset" 782
"../../../Engine/Content/EngineDebugMaterials/VertexColorViewMode_GreenOnly.uexp" 783
"D:/UE4/UnrealProject/SpaceHolder/SpaceHolder/Content/Meshes/Missiles/SM_Bullet.uasset" 784
"D:/UE4/UnrealProject/SpaceHolder/SpaceHolder/Content/Meshes/Missiles/SM_Bullet.uexp" 785
"D:/UE4/UnrealProject/SpaceHolder/SpaceHolder/Content/Blueprint/Player/Missiles/BP_Missile.uasset" 786
"D:/UE4/UnrealProject/SpaceHolder/SpaceHolder/Content/Blueprint/Player/Missiles/BP_Missile.uexp" 787
"D:/UE4/UnrealProject/SpaceHolder/SpaceHolder/Content/Meshes/Missiles/SM_Weave.uasset" 788
"D:/UE4/UnrealProject/SpaceHolder/SpaceHolder/Content/Meshes/Missiles/SM_Weave.uexp" 789
"D:/UE4/UnrealProject/SpaceHolder/SpaceHolder/Content/Blueprint/Player/Missiles/BP_BananaMissile.uasset" 790
"D:/UE4/UnrealProject/SpaceHolder/SpaceHolder/Content/Blueprint/Player/Missiles/BP_BananaMissile.uexp" 791
"D:/UE4/UnrealProject/SpaceHolder/SpaceHolder/Content/Meshes/Ship/BPA_Ship.uasset" 792
"D:/UE4/UnrealProject/SpaceHolder/SpaceHolder/Content/Meshes/Ship/BPA_Ship.uexp" 793
"D:/UE4/UnrealProject/SpaceHolder/SpaceHolder/Content/UI/Typo/Greyscale_Basic_Regular.uasset" 794
"D:/UE4/UnrealProject/SpaceHolder/SpaceHolder/Content/UI/Typo/Greyscale_Basic_Regular.uexp" 795
"D:/UE4/UnrealProject/SpaceHolder/SpaceHolder/Content/UI/Typo/Greyscale_Basic_Regular.ufont" 796
"D:/UE4/UnrealProject/SpaceHolder/SpaceHolder/Content/UI/Typo/Greyscale_Basic_Regular_Font.uasset" 797
"D:/UE4/UnrealProject/SpaceHolder/SpaceHolder/Content/UI/Typo/Greyscale_Basic_Regular_Font.uexp" 798
"D:/UE4/UnrealProject/SpaceHolder/SpaceHolder/Content/Textures/UI/UI_ButtonResumeRedButton.uasset" 799
"D:/UE4/UnrealProject/SpaceHolder/SpaceHolder/Content/Textures/UI/UI_ButtonResumeRedButton.uexp" 800
"D:/UE4/UnrealProject/SpaceHolder/SpaceHolder/Content/Textures/UI/UI_ButtonResumeRedButton.ubulk" 801
"D:/UE4/UnrealProject/SpaceHolder/SpaceHolder/Content/Textures/UI/UI_ButtonResumeGreyButton.uasset" 802
"D:/UE4/UnrealProject/SpaceHolder/SpaceHolder/Content/Textures/UI/UI_ButtonResumeGreyButton.uexp" 803
"D:/UE4/UnrealProject/SpaceHolder/SpaceHolder/Content/Textures/UI/UI_ButtonResumeGreyButton.ubulk" 804
"D:/UE4/UnrealProject/SpaceHolder/SpaceHolder/Content/Textures/UI/UI_ButtonQuitRedButton.uasset" 805
"D:/UE4/UnrealProject/SpaceHolder/SpaceHolder/Content/Textures/UI/UI_ButtonQuitRedButton.uexp" 806
"D:/UE4/UnrealProject/SpaceHolder/SpaceHolder/Content/Textures/UI/UI_ButtonQuitRedButton.ubulk" 807
"D:/UE4/UnrealProject/SpaceHolder/SpaceHolder/Content/Textures/UI/UI_ButtonQuitGreyButton.uasset" 808
"D:/UE4/UnrealProject/SpaceHolder/SpaceHolder/Content/Textures/UI/UI_ButtonQuitGreyButton.uexp" 809
"D:/UE4/UnrealProject/SpaceHolder/SpaceHolder/Content/Textures/UI/UI_ButtonQuitGreyButton.ubulk" 810
"D:/UE4/UnrealProject/SpaceHolder/SpaceHolder/Content/UI/W_PauseMenu.uasset" 811
"D:/UE4/UnrealProject/SpaceHolder/SpaceHolder/Content/UI/W_PauseMenu.uexp" 812
"../../../Engine/Content/BasicShapes/Sphere.uasset" 813
"../../../Engine/Content/BasicShapes/Sphere.uexp" 814
"D:/UE4/UnrealProject/SpaceHolder/SpaceHolder/Content/Meshes/Ship/SK_Ship_PhysicsAsset.uasset" 815
"D:/UE4/UnrealProject/SpaceHolder/SpaceHolder/Content/Meshes/Ship/SK_Ship_PhysicsAsset.uexp" 816
"D:/UE4/UnrealProject/SpaceHolder/SpaceHolder/Content/Materials/M_Flat.uasset" 817
"D:/UE4/UnrealProject/SpaceHolder/SpaceHolder/Content/Materials/M_Flat.uexp" 818
"D:/UE4/UnrealProject/SpaceHolder/SpaceHolder/Content/Materials/M_Ship_Glass.uasset" 819
"D:/UE4/UnrealProject/SpaceHolder/SpaceHolder/Content/Materials/M_Ship_Glass.uexp" 820
"D:/UE4/UnrealProject/SpaceHolder/SpaceHolder/Content/Textures/T_Ship_Metal_AORM.uasset" 821
"D:/UE4/UnrealProject/SpaceHolder/SpaceHolder/Content/Textures/T_Ship_Metal_AORM.uexp" 822
"D:/UE4/UnrealProject/SpaceHolder/SpaceHolder/Content/Textures/T_Ship_Metal_AORM.ubulk" 823
"D:/UE4/UnrealProject/SpaceHolder/SpaceHolder/Content/Textures/T_Ship_Metal_N.uasset" 824
"D:/UE4/UnrealProject/SpaceHolder/SpaceHolder/Content/Textures/T_Ship_Metal_N.uexp" 825
"D:/UE4/UnrealProject/SpaceHolder/SpaceHolder/Content/Textures/T_Ship_Metal_N.ubulk" 826
"D:/UE4/UnrealProject/SpaceHolder/SpaceHolder/Content/Textures/T_Ship_Metal_BC.uasset" 827
"D:/UE4/UnrealProject/SpaceHolder/SpaceHolder/Content/Textures/T_Ship_Metal_BC.uexp" 828
"D:/UE4/UnrealProject/SpaceHolder/SpaceHolder/Content/Textures/T_Ship_Metal_BC.ubulk" 829
"D:/UE4/UnrealProject/SpaceHolder/SpaceHolder/Content/Materials/M_Ship_Metal.uasset" 830
"D:/UE4/UnrealProject/SpaceHolder/SpaceHolder/Content/Materials/M_Ship_Metal.uexp" 831
"D:/UE4/UnrealProject/SpaceHolder/SpaceHolder/Content/Meshes/Ship/SK_Ship.uasset" 832
"D:/UE4/UnrealProject/SpaceHolder/SpaceHolder/Content/Meshes/Ship/SK_Ship.uexp" 833
"D:/UE4/UnrealProject/SpaceHolder/SpaceHolder/Content/Sounds/Effects/S_SpaceshipShot_01.uasset" 834
"D:/UE4/UnrealProject/SpaceHolder/SpaceHolder/Content/Sounds/Effects/S_SpaceshipShot_01.uexp" 835
"D:/UE4/UnrealProject/SpaceHolder/SpaceHolder/Content/Sounds/Effects/S_SpaceshipShot_04.uasset" 836
"D:/UE4/UnrealProject/SpaceHolder/SpaceHolder/Content/Sounds/Effects/S_SpaceshipShot_04.uexp" 837
"D:/UE4/UnrealProject/SpaceHolder/SpaceHolder/Content/Sounds/Effects/S_DamageTaken_01.uasset" 838
"D:/UE4/UnrealProject/SpaceHolder/SpaceHolder/Content/Sounds/Effects/S_DamageTaken_01.uexp" 839
"D:/UE4/UnrealProject/SpaceHolder/SpaceHolder/Content/Sounds/Effects/SC_DamageTaken_01.uasset" 840
"D:/UE4/UnrealProject/SpaceHolder/SpaceHolder/Content/Sounds/Effects/SC_DamageTaken_01.uexp" 841
"D:/UE4/UnrealProject/SpaceHolder/SpaceHolder/Content/Sounds/Effects/S_DeathSound.uasset" 842
"D:/UE4/UnrealProject/SpaceHolder/SpaceHolder/Content/Sounds/Effects/S_DeathSound.uexp" 843
"D:/UE4/UnrealProject/SpaceHolder/SpaceHolder/Content/Sounds/Effects/SC_DeathSound_01.uasset" 844
"D:/UE4/UnrealProject/SpaceHolder/SpaceHolder/Content/Sounds/Effects/SC_DeathSound_01.uexp" 845
"D:/UE4/UnrealProject/SpaceHolder/SpaceHolder/Content/Sounds/Effects/S_SpaceshipShot_02.uasset" 846
"D:/UE4/UnrealProject/SpaceHolder/SpaceHolder/Content/Sounds/Effects/S_SpaceshipShot_02.uexp" 847
"D:/UE4/UnrealProject/SpaceHolder/SpaceHolder/Content/Sounds/Effects/SC_SpaceshipShot_02.uasset" 848
"D:/UE4/UnrealProject/SpaceHolder/SpaceHolder/Content/Sounds/Effects/SC_SpaceshipShot_02.uexp" 849
"D:/UE4/UnrealProject/SpaceHolder/SpaceHolder/Content/Sounds/Effects/S_SpaceshipShot_03.uasset" 850
"D:/UE4/UnrealProject/SpaceHolder/SpaceHolder/Content/Sounds/Effects/S_SpaceshipShot_03.uexp" 851
"D:/UE4/UnrealProject/SpaceHolder/SpaceHolder/Content/Sounds/Effects/SC_SpaceshipShot_03.uasset" 852
"D:/UE4/UnrealProject/SpaceHolder/SpaceHolder/Content/Sounds/Effects/SC_SpaceshipShot_03.uexp" 853
"D:/UE4/UnrealProject/SpaceHolder/SpaceHolder/Content/Blueprint/Player/BP_PlayerControler.uasset" 854
"D:/UE4/UnrealProject/SpaceHolder/SpaceHolder/Content/Blueprint/Player/BP_PlayerControler.uexp" 855
"D:/UE4/UnrealProject/SpaceHolder/SpaceHolder/Content/Blueprint/Player/BP_GM.uasset" 856
"D:/UE4/UnrealProject/SpaceHolder/SpaceHolder/Content/Blueprint/Player/BP_GM.uexp" 857
"D:/UE4/UnrealProject/SpaceHolder/SpaceHolder/Content/Blueprint/Player/BP_PlayerPawn.uasset" 858
"D:/UE4/UnrealProject/SpaceHolder/SpaceHolder/Content/Blueprint/Player/BP_PlayerPawn.uexp" 859
"D:/UE4/UnrealProject/SpaceHolder/SpaceHolder/Content/UI/W_PlayersLifePoints.uasset" 860
"D:/UE4/UnrealProject/SpaceHolder/SpaceHolder/Content/UI/W_PlayersLifePoints.uexp" 861
"D:/UE4/UnrealProject/SpaceHolder/SpaceHolder/Content/Blueprint/Player/BP_MultiLocal.uasset" 862
"D:/UE4/UnrealProject/SpaceHolder/SpaceHolder/Content/Blueprint/Player/BP_MultiLocal.uexp" 863
"D:/UE4/UnrealProject/SpaceHolder/SpaceHolder/Content/Blueprint/Asteroid/BP_AsteroidGeneration.uasset" 864
"D:/UE4/UnrealProject/SpaceHolder/SpaceHolder/Content/Blueprint/Asteroid/BP_AsteroidGeneration.uexp" 865
"D:/UE4/UnrealProject/SpaceHolder/SpaceHolder/Content/Maps/map02-Game.uexp" 866
"D:/UE4/UnrealProject/SpaceHolder/SpaceHolder/Content/Maps/map02-Game.umap" 867
"D:/UE4/UnrealProject/SpaceHolder/SpaceHolder/Content/Sounds/Ambiance/S_MainMenu_02.uasset" 868
"D:/UE4/UnrealProject/SpaceHolder/SpaceHolder/Content/Sounds/Ambiance/S_MainMenu_02.uexp" 869
"D:/UE4/UnrealProject/SpaceHolder/SpaceHolder/Content/Sounds/Ambiance/SC_MainMenu_02.uasset" 870
"D:/UE4/UnrealProject/SpaceHolder/SpaceHolder/Content/Sounds/Ambiance/SC_MainMenu_02.uexp" 871
"D:/UE4/UnrealProject/SpaceHolder/SpaceHolder/Content/Textures/UI/UI_Logo.uasset" 872
"D:/UE4/UnrealProject/SpaceHolder/SpaceHolder/Content/Textures/UI/UI_Logo.uexp" 873
"D:/UE4/UnrealProject/SpaceHolder/SpaceHolder/Content/Textures/UI/UI_Logo.ubulk" 874
"D:/UE4/UnrealProject/SpaceHolder/SpaceHolder/Content/Textures/UI/UI_ButtonStartRedButton.uasset" 875
"D:/UE4/UnrealProject/SpaceHolder/SpaceHolder/Content/Textures/UI/UI_ButtonStartRedButton.uexp" 876
"D:/UE4/UnrealProject/SpaceHolder/SpaceHolder/Content/Textures/UI/UI_ButtonStartRedButton.ubulk" 877
"D:/UE4/UnrealProject/SpaceHolder/SpaceHolder/Content/Textures/UI/UI_ButtonStartGreyButton.uasset" 878
"D:/UE4/UnrealProject/SpaceHolder/SpaceHolder/Content/Textures/UI/UI_ButtonStartGreyButton.uexp" 879
"D:/UE4/UnrealProject/SpaceHolder/SpaceHolder/Content/Textures/UI/UI_ButtonStartGreyButton.ubulk" 880
"D:/UE4/UnrealProject/SpaceHolder/SpaceHolder/Content/Textures/UI/UI_ButtonCreditRed.uasset" 881
"D:/UE4/UnrealProject/SpaceHolder/SpaceHolder/Content/Textures/UI/UI_ButtonCreditRed.uexp" 882
"D:/UE4/UnrealProject/SpaceHolder/SpaceHolder/Content/Textures/UI/UI_ButtonCreditRed.ubulk" 883
"D:/UE4/UnrealProject/SpaceHolder/SpaceHolder/Content/Textures/UI/UI_ButtonCreditGrey.uasset" 884
"D:/UE4/UnrealProject/SpaceHolder/SpaceHolder/Content/Textures/UI/UI_ButtonCreditGrey.uexp" 885
"D:/UE4/UnrealProject/SpaceHolder/SpaceHolder/Content/Textures/UI/UI_ButtonCreditGrey.ubulk" 886
"D:/UE4/UnrealProject/SpaceHolder/SpaceHolder/Content/UI/W_MainMenu.uasset" 887
"D:/UE4/UnrealProject/SpaceHolder/SpaceHolder/Content/UI/W_MainMenu.uexp" 888
"D:/UE4/UnrealProject/SpaceHolder/SpaceHolder/Content/Maps/map01-MainMenu.uexp" 889
"D:/UE4/UnrealProject/SpaceHolder/SpaceHolder/Content/Maps/map01-MainMenu.umap" 890
"D:/UE4/UnrealProject/SpaceHolder/SpaceHolder/Content/Draft/mapX1-Test_BuiltData.uasset" 891
"D:/UE4/UnrealProject/SpaceHolder/SpaceHolder/Content/Draft/mapX1-Test_BuiltData.uexp" 892
"D:/UE4/UnrealProject/SpaceHolder/SpaceHolder/Content/Draft/mapX1-Test_BuiltData.ubulk" 893
"D:/UE4/UnrealProject/SpaceHolder/SpaceHolder/Content/Draft/mapX1-Test.uexp" 894
"D:/UE4/UnrealProject/SpaceHolder/SpaceHolder/Content/Draft/mapX1-Test.umap" 895
"../../../Engine/Content/Maps/Entry_BuiltData.uasset" 896
"../../../Engine/Content/Maps/Entry_BuiltData.uexp" 897
"../../../Engine/Content/Maps/Entry.uexp" 898
"../../../Engine/Content/Maps/Entry.umap" 899
